2023-12-02 22:37:01 URL:https://deb.debian.org/debian/dists/stable/InRelease [151037/151037] -> "/home/joao/runc/rootfs/var/lib/apt/lists/partial/deb.debian.org_debian_dists_stable_InRelease" [1]
2023-12-02 22:37:02 URL:https://deb.debian.org/debian/dists/stable/main/binary-amd64/by-hash/SHA256/4990c49517def41941c0395a8d007bf50767d3caeff30858a100de542bde295b [8780256/8780256] -> "/home/joao/runc/rootfs/var/lib/apt/lists/partial/deb.debian.org_debian_dists_stable_main_binary-amd64_Packages.xz" [1]
2023-12-02 22:37:30 URL:https://deb.debian.org/debian/pool/main/a/acl/libacl1_2.3.1-3_amd64.deb [31488/31488] -> "/home/joao/runc/rootfs//var/cache/apt/archives/partial/libacl1_2.3.1-3_amd64.deb" [1]
2023-12-02 22:37:31 URL:https://deb.debian.org/debian/pool/main/a/adduser/adduser_3.134_all.deb [183272/183272] -> "/home/joao/runc/rootfs//var/cache/apt/archives/partial/adduser_3.134_all.deb" [1]
2023-12-02 22:37:31 URL:https://deb.debian.org/debian/pool/main/a/apparmor/libapparmor1_3.0.8-3_amd64.deb [41192/41192] -> "/home/joao/runc/rootfs//var/cache/apt/archives/partial/libapparmor1_3.0.8-3_amd64.deb" [1]
2023-12-02 22:37:31 URL:https://deb.debian.org/debian/pool/main/a/apt/apt_2.6.1_amd64.deb [1372852/1372852] -> "/home/joao/runc/rootfs//var/cache/apt/archives/partial/apt_2.6.1_amd64.deb" [1]
2023-12-02 22:37:32 URL:https://deb.debian.org/debian/pool/main/a/apt/apt-utils_2.6.1_amd64.deb [309288/309288] -> "/home/joao/runc/rootfs//var/cache/apt/archives/partial/apt-utils_2.6.1_amd64.deb" [1]
2023-12-02 22:37:32 URL:https://deb.debian.org/debian/pool/main/a/apt/libapt-pkg6.0_2.6.1_amd64.deb [907236/907236] -> "/home/joao/runc/rootfs//var/cache/apt/archives/partial/libapt-pkg6.0_2.6.1_amd64.deb" [1]
2023-12-02 22:37:32 URL:https://deb.debian.org/debian/pool/main/a/argon2/libargon2-1_0~20171227-0.3+deb12u1_amd64.deb [19432/19432] -> "/home/joao/runc/rootfs//var/cache/apt/archives/partial/libargon2-1_0~20171227-0.3+deb12u1_amd64.deb" [1]
2023-12-02 22:37:32 URL:https://deb.debian.org/debian/pool/main/a/attr/libattr1_2.5.1-4_amd64.deb [22164/22164] -> "/home/joao/runc/rootfs//var/cache/apt/archives/partial/libattr1_1%3a2.5.1-4_amd64.deb" [1]
2023-12-02 22:37:33 URL:https://deb.debian.org/debian/pool/main/a/audit/libaudit-common_3.0.9-1_all.deb [10448/10448] -> "/home/joao/runc/rootfs//var/cache/apt/archives/partial/libaudit-common_1%3a3.0.9-1_all.deb" [1]
2023-12-02 22:37:33 URL:https://deb.debian.org/debian/pool/main/a/audit/libaudit1_3.0.9-1_amd64.deb [46764/46764] -> "/home/joao/runc/rootfs//var/cache/apt/archives/partial/libaudit1_1%3a3.0.9-1_amd64.deb" [1]
2023-12-02 22:37:33 URL:https://deb.debian.org/debian/pool/main/b/base-files/base-files_12.4+deb12u2_amd64.deb [70680/70680] -> "/home/joao/runc/rootfs//var/cache/apt/archives/partial/base-files_12.4+deb12u2_amd64.deb" [1]
2023-12-02 22:37:33 URL:https://deb.debian.org/debian/pool/main/b/base-passwd/base-passwd_3.6.1_amd64.deb [59972/59972] -> "/home/joao/runc/rootfs//var/cache/apt/archives/partial/base-passwd_3.6.1_amd64.deb" [1]
2023-12-02 22:37:33 URL:https://deb.debian.org/debian/pool/main/b/bash/bash_5.2.15-2+b2_amd64.deb [1490660/1490660] -> "/home/joao/runc/rootfs//var/cache/apt/archives/partial/bash_5.2.15-2+b2_amd64.deb" [1]
2023-12-02 22:37:33 URL:https://deb.debian.org/debian/pool/main/b/bzip2/libbz2-1.0_1.0.8-5+b1_amd64.deb [47348/47348] -> "/home/joao/runc/rootfs//var/cache/apt/archives/partial/libbz2-1.0_1.0.8-5+b1_amd64.deb" [1]
2023-12-02 22:37:34 URL:https://deb.debian.org/debian/pool/main/c/ca-certificates/ca-certificates_20230311_all.deb [153456/153456] -> "/home/joao/runc/rootfs//var/cache/apt/archives/partial/ca-certificates_20230311_all.deb" [1]
2023-12-02 22:37:34 URL:https://deb.debian.org/debian/pool/main/c/cdebconf/libdebconfclient0_0.270_amd64.deb [9900/9900] -> "/home/joao/runc/rootfs//var/cache/apt/archives/partial/libdebconfclient0_0.270_amd64.deb" [1]
2023-12-02 22:37:34 URL:https://deb.debian.org/debian/pool/main/c/coreutils/coreutils_9.1-1_amd64.deb [2896560/2896560] -> "/home/joao/runc/rootfs//var/cache/apt/archives/partial/coreutils_9.1-1_amd64.deb" [1]
2023-12-02 22:37:34 URL:https://deb.debian.org/debian/pool/main/c/cpio/cpio_2.13+dfsg-7.1_amd64.deb [245036/245036] -> "/home/joao/runc/rootfs//var/cache/apt/archives/partial/cpio_2.13+dfsg-7.1_amd64.deb" [1]
2023-12-02 22:37:34 URL:https://deb.debian.org/debian/pool/main/c/cron/cron_3.0pl1-162_amd64.deb [73084/73084] -> "/home/joao/runc/rootfs//var/cache/apt/archives/partial/cron_3.0pl1-162_amd64.deb" [1]
2023-12-02 22:37:34 URL:https://deb.debian.org/debian/pool/main/c/cron/cron-daemon-common_3.0pl1-162_all.deb [12660/12660] -> "/home/joao/runc/rootfs//var/cache/apt/archives/partial/cron-daemon-common_3.0pl1-162_all.deb" [1]
2023-12-02 22:37:35 URL:https://deb.debian.org/debian/pool/main/c/cryptsetup/libcryptsetup12_2.6.1-4~deb12u1_amd64.deb [223188/223188] -> "/home/joao/runc/rootfs//var/cache/apt/archives/partial/libcryptsetup12_2%3a2.6.1-4~deb12u1_amd64.deb" [1]
2023-12-02 22:37:35 URL:https://deb.debian.org/debian/pool/main/d/dash/dash_0.5.12-2_amd64.deb [91848/91848] -> "/home/joao/runc/rootfs//var/cache/apt/archives/partial/dash_0.5.12-2_amd64.deb" [1]
2023-12-02 22:37:35 URL:https://deb.debian.org/debian/pool/main/d/db5.3/libdb5.3_5.3.28+dfsg2-1_amd64.deb [697412/697412] -> "/home/joao/runc/rootfs//var/cache/apt/archives/partial/libdb5.3_5.3.28+dfsg2-1_amd64.deb" [1]
2023-12-02 22:37:35 URL:https://deb.debian.org/debian/pool/main/d/debconf/debconf_1.5.82_all.deb [121212/121212] -> "/home/joao/runc/rootfs//var/cache/apt/archives/partial/debconf_1.5.82_all.deb" [1]
2023-12-02 22:37:35 URL:https://deb.debian.org/debian/pool/main/d/debconf/debconf-i18n_1.5.82_all.deb [208040/208040] -> "/home/joao/runc/rootfs//var/cache/apt/archives/partial/debconf-i18n_1.5.82_all.deb" [1]
2023-12-02 22:37:35 URL:https://deb.debian.org/debian/pool/main/d/debian-archive-keyring/debian-archive-keyring_2023.3+deb12u1_all.deb [160776/160776] -> "/home/joao/runc/rootfs//var/cache/apt/archives/partial/debian-archive-keyring_2023.3+deb12u1_all.deb" [1]
2023-12-02 22:37:36 URL:https://deb.debian.org/debian/pool/main/d/debianutils/debianutils_5.7-0.5~deb12u1_amd64.deb [102588/102588] -> "/home/joao/runc/rootfs//var/cache/apt/archives/partial/debianutils_5.7-0.5~deb12u1_amd64.deb" [1]
2023-12-02 22:37:36 URL:https://deb.debian.org/debian/pool/main/d/diffutils/diffutils_3.8-4_amd64.deb [351740/351740] -> "/home/joao/runc/rootfs//var/cache/apt/archives/partial/diffutils_1%3a3.8-4_amd64.deb" [1]
2023-12-02 22:37:36 URL:https://deb.debian.org/debian/pool/main/d/dmidecode/dmidecode_3.4-1_amd64.deb [68764/68764] -> "/home/joao/runc/rootfs//var/cache/apt/archives/partial/dmidecode_3.4-1_amd64.deb" [1]
2023-12-02 22:37:36 URL:https://deb.debian.org/debian/pool/main/d/dpkg/dpkg_1.21.22_amd64.deb [1567356/1567356] -> "/home/joao/runc/rootfs//var/cache/apt/archives/partial/dpkg_1.21.22_amd64.deb" [1]
2023-12-02 22:37:36 URL:https://deb.debian.org/debian/pool/main/e/e2fsprogs/e2fsprogs_1.47.0-2_amd64.deb [571372/571372] -> "/home/joao/runc/rootfs//var/cache/apt/archives/partial/e2fsprogs_1.47.0-2_amd64.deb" [1]
2023-12-02 22:37:37 URL:https://deb.debian.org/debian/pool/main/e/e2fsprogs/libcom-err2_1.47.0-2_amd64.deb [19760/19760] -> "/home/joao/runc/rootfs//var/cache/apt/archives/partial/libcom-err2_1.47.0-2_amd64.deb" [1]
2023-12-02 22:37:37 URL:https://deb.debian.org/debian/pool/main/e/e2fsprogs/libext2fs2_1.47.0-2_amd64.deb [204824/204824] -> "/home/joao/runc/rootfs//var/cache/apt/archives/partial/libext2fs2_1.47.0-2_amd64.deb" [1]
2023-12-02 22:37:37 URL:https://deb.debian.org/debian/pool/main/e/e2fsprogs/libss2_1.47.0-2_amd64.deb [24504/24504] -> "/home/joao/runc/rootfs//var/cache/apt/archives/partial/libss2_1.47.0-2_amd64.deb" [1]
2023-12-02 22:37:37 URL:https://deb.debian.org/debian/pool/main/e/e2fsprogs/logsave_1.47.0-2_amd64.deb [19588/19588] -> "/home/joao/runc/rootfs//var/cache/apt/archives/partial/logsave_1.47.0-2_amd64.deb" [1]
2023-12-02 22:37:37 URL:https://deb.debian.org/debian/pool/main/e/elfutils/libelf1_0.188-2.1_amd64.deb [173796/173796] -> "/home/joao/runc/rootfs//var/cache/apt/archives/partial/libelf1_0.188-2.1_amd64.deb" [1]
2023-12-02 22:37:37 URL:https://deb.debian.org/debian/pool/main/f/findutils/findutils_4.9.0-4_amd64.deb [635500/635500] -> "/home/joao/runc/rootfs//var/cache/apt/archives/partial/findutils_4.9.0-4_amd64.deb" [1]
2023-12-02 22:37:37 URL:https://deb.debian.org/debian/pool/main/g/gcc-12/gcc-12-base_12.2.0-14_amd64.deb [37480/37480] -> "/home/joao/runc/rootfs//var/cache/apt/archives/partial/gcc-12-base_12.2.0-14_amd64.deb" [1]
2023-12-02 22:37:38 URL:https://deb.debian.org/debian/pool/main/g/gcc-12/libgcc-s1_12.2.0-14_amd64.deb [49892/49892] -> "/home/joao/runc/rootfs//var/cache/apt/archives/partial/libgcc-s1_12.2.0-14_amd64.deb" [1]
2023-12-02 22:37:38 URL:https://deb.debian.org/debian/pool/main/g/gcc-12/libstdc++6_12.2.0-14_amd64.deb [614004/614004] -> "/home/joao/runc/rootfs//var/cache/apt/archives/partial/libstdc++6_12.2.0-14_amd64.deb" [1]
2023-12-02 22:37:38 URL:https://deb.debian.org/debian/pool/main/g/gdbm/libgdbm-compat4_1.23-3_amd64.deb [48156/48156] -> "/home/joao/runc/rootfs//var/cache/apt/archives/partial/libgdbm-compat4_1.23-3_amd64.deb" [1]
2023-12-02 22:37:38 URL:https://deb.debian.org/debian/pool/main/g/gdbm/libgdbm6_1.23-3_amd64.deb [72248/72248] -> "/home/joao/runc/rootfs//var/cache/apt/archives/partial/libgdbm6_1.23-3_amd64.deb" [1]
2023-12-02 22:37:38 URL:https://deb.debian.org/debian/pool/main/g/glibc/libc-bin_2.36-9+deb12u2_amd64.deb [605800/605800] -> "/home/joao/runc/rootfs//var/cache/apt/archives/partial/libc-bin_2.36-9+deb12u2_amd64.deb" [1]
2023-12-02 22:37:39 URL:https://deb.debian.org/debian/pool/main/g/glibc/libc6_2.36-9+deb12u2_amd64.deb [2755124/2755124] -> "/home/joao/runc/rootfs//var/cache/apt/archives/partial/libc6_2.36-9+deb12u2_amd64.deb" [1]
2023-12-02 22:37:39 URL:https://deb.debian.org/debian/pool/main/g/gmp/libgmp10_6.2.1+dfsg1-1.1_amd64.deb [562588/562588] -> "/home/joao/runc/rootfs//var/cache/apt/archives/partial/libgmp10_2%3a6.2.1+dfsg1-1.1_amd64.deb" [1]
2023-12-02 22:37:39 URL:https://deb.debian.org/debian/pool/main/g/gnupg2/gpgv_2.2.40-1.1_amd64.deb [648396/648396] -> "/home/joao/runc/rootfs//var/cache/apt/archives/partial/gpgv_2.2.40-1.1_amd64.deb" [1]
2023-12-02 22:37:39 URL:https://deb.debian.org/debian/pool/main/g/gnutls28/libgnutls30_3.7.9-2_amd64.deb [1402912/1402912] -> "/home/joao/runc/rootfs//var/cache/apt/archives/partial/libgnutls30_3.7.9-2_amd64.deb" [1]
2023-12-02 22:37:39 URL:https://deb.debian.org/debian/pool/main/g/grep/grep_3.8-5_amd64.deb [421444/421444] -> "/home/joao/runc/rootfs//var/cache/apt/archives/partial/grep_3.8-5_amd64.deb" [1]
2023-12-02 22:37:40 URL:https://deb.debian.org/debian/pool/main/g/gzip/gzip_1.12-1_amd64.deb [140364/140364] -> "/home/joao/runc/rootfs//var/cache/apt/archives/partial/gzip_1.12-1_amd64.deb" [1]
2023-12-02 22:37:40 URL:https://deb.debian.org/debian/pool/main/h/hostname/hostname_3.23+nmu1_amd64.deb [10500/10500] -> "/home/joao/runc/rootfs//var/cache/apt/archives/partial/hostname_3.23+nmu1_amd64.deb" [1]
2023-12-02 22:37:40 URL:https://deb.debian.org/debian/pool/main/i/ifupdown/ifupdown_0.8.41_amd64.deb [62104/62104] -> "/home/joao/runc/rootfs//var/cache/apt/archives/partial/ifupdown_0.8.41_amd64.deb" [1]
2023-12-02 22:37:40 URL:https://deb.debian.org/debian/pool/main/i/init-system-helpers/init_1.65.2_amd64.deb [16788/16788] -> "/home/joao/runc/rootfs//var/cache/apt/archives/partial/init_1.65.2_amd64.deb" [1]
2023-12-02 22:37:40 URL:https://deb.debian.org/debian/pool/main/i/init-system-helpers/init-system-helpers_1.65.2_all.deb [49800/49800] -> "/home/joao/runc/rootfs//var/cache/apt/archives/partial/init-system-helpers_1.65.2_all.deb" [1]
2023-12-02 22:37:40 URL:https://deb.debian.org/debian/pool/main/i/iproute2/iproute2_6.1.0-3_amd64.deb [1045828/1045828] -> "/home/joao/runc/rootfs//var/cache/apt/archives/partial/iproute2_6.1.0-3_amd64.deb" [1]
2023-12-02 22:37:40 URL:https://deb.debian.org/debian/pool/main/i/iptables/libip4tc2_1.8.9-2_amd64.deb [19016/19016] -> "/home/joao/runc/rootfs//var/cache/apt/archives/partial/libip4tc2_1.8.9-2_amd64.deb" [1]
2023-12-02 22:37:41 URL:https://deb.debian.org/debian/pool/main/i/iptables/libxtables12_1.8.9-2_amd64.deb [30752/30752] -> "/home/joao/runc/rootfs//var/cache/apt/archives/partial/libxtables12_1.8.9-2_amd64.deb" [1]
2023-12-02 22:37:41 URL:https://deb.debian.org/debian/pool/main/i/iputils/iputils-ping_20221126-1_amd64.deb [47068/47068] -> "/home/joao/runc/rootfs//var/cache/apt/archives/partial/iputils-ping_3%3a20221126-1_amd64.deb" [1]
2023-12-02 22:37:41 URL:https://deb.debian.org/debian/pool/main/i/isc-dhcp/isc-dhcp-client_4.4.3-P1-2_amd64.deb [1095928/1095928] -> "/home/joao/runc/rootfs//var/cache/apt/archives/partial/isc-dhcp-client_4.4.3-P1-2_amd64.deb" [1]
2023-12-02 22:37:42 URL:https://deb.debian.org/debian/pool/main/i/isc-dhcp/isc-dhcp-common_4.4.3-P1-2_amd64.deb [117272/117272] -> "/home/joao/runc/rootfs//var/cache/apt/archives/partial/isc-dhcp-common_4.4.3-P1-2_amd64.deb" [1]
2023-12-02 22:37:42 URL:https://deb.debian.org/debian/pool/main/j/jansson/libjansson4_2.14-2_amd64.deb [40788/40788] -> "/home/joao/runc/rootfs//var/cache/apt/archives/partial/libjansson4_2.14-2_amd64.deb" [1]
2023-12-02 22:37:42 URL:https://deb.debian.org/debian/pool/main/j/json-c/libjson-c5_0.16-2_amd64.deb [44120/44120] -> "/home/joao/runc/rootfs//var/cache/apt/archives/partial/libjson-c5_0.16-2_amd64.deb" [1]
2023-12-02 22:37:43 URL:https://deb.debian.org/debian/pool/main/k/keyutils/libkeyutils1_1.6.3-2_amd64.deb [8808/8808] -> "/home/joao/runc/rootfs//var/cache/apt/archives/partial/libkeyutils1_1.6.3-2_amd64.deb" [1]
2023-12-02 22:37:43 URL:https://deb.debian.org/debian/pool/main/k/kmod/kmod_30+20221128-1_amd64.deb [95180/95180] -> "/home/joao/runc/rootfs//var/cache/apt/archives/partial/kmod_30+20221128-1_amd64.deb" [1]
2023-12-02 22:37:43 URL:https://deb.debian.org/debian/pool/main/k/kmod/libkmod2_30+20221128-1_amd64.deb [57892/57892] -> "/home/joao/runc/rootfs//var/cache/apt/archives/partial/libkmod2_30+20221128-1_amd64.deb" [1]
2023-12-02 22:37:44 URL:https://deb.debian.org/debian/pool/main/k/krb5/libgssapi-krb5-2_1.20.1-2+deb12u1_amd64.deb [134004/134004] -> "/home/joao/runc/rootfs//var/cache/apt/archives/partial/libgssapi-krb5-2_1.20.1-2+deb12u1_amd64.deb" [1]
2023-12-02 22:37:44 URL:https://deb.debian.org/debian/pool/main/k/krb5/libk5crypto3_1.20.1-2+deb12u1_amd64.deb [78880/78880] -> "/home/joao/runc/rootfs//var/cache/apt/archives/partial/libk5crypto3_1.20.1-2+deb12u1_amd64.deb" [1]
2023-12-02 22:37:44 URL:https://deb.debian.org/debian/pool/main/k/krb5/libkrb5-3_1.20.1-2+deb12u1_amd64.deb [332156/332156] -> "/home/joao/runc/rootfs//var/cache/apt/archives/partial/libkrb5-3_1.20.1-2+deb12u1_amd64.deb" [1]
2023-12-02 22:37:44 URL:https://deb.debian.org/debian/pool/main/k/krb5/libkrb5support0_1.20.1-2+deb12u1_amd64.deb [32404/32404] -> "/home/joao/runc/rootfs//var/cache/apt/archives/partial/libkrb5support0_1.20.1-2+deb12u1_amd64.deb" [1]
2023-12-02 22:37:45 URL:https://deb.debian.org/debian/pool/main/l/less/less_590-2_amd64.deb [131348/131348] -> "/home/joao/runc/rootfs//var/cache/apt/archives/partial/less_590-2_amd64.deb" [1]
2023-12-02 22:37:45 URL:https://deb.debian.org/debian/pool/main/libb/libbpf/libbpf1_1.1.0-1_amd64.deb [145304/145304] -> "/home/joao/runc/rootfs//var/cache/apt/archives/partial/libbpf1_1%3a1.1.0-1_amd64.deb" [1]
2023-12-02 22:37:45 URL:https://deb.debian.org/debian/pool/main/libb/libbsd/libbsd0_0.11.7-2_amd64.deb [117416/117416] -> "/home/joao/runc/rootfs//var/cache/apt/archives/partial/libbsd0_0.11.7-2_amd64.deb" [1]
2023-12-02 22:37:45 URL:https://deb.debian.org/debian/pool/main/libc/libcap-ng/libcap-ng0_0.8.3-1+b3_amd64.deb [17068/17068] -> "/home/joao/runc/rootfs//var/cache/apt/archives/partial/libcap-ng0_0.8.3-1+b3_amd64.deb" [1]
2023-12-02 22:37:45 URL:https://deb.debian.org/debian/pool/main/libc/libcap2/libcap2_2.66-4_amd64.deb [27008/27008] -> "/home/joao/runc/rootfs//var/cache/apt/archives/partial/libcap2_1%3a2.66-4_amd64.deb" [1]
2023-12-02 22:37:45 URL:https://deb.debian.org/debian/pool/main/libc/libcap2/libcap2-bin_2.66-4_amd64.deb [34680/34680] -> "/home/joao/runc/rootfs//var/cache/apt/archives/partial/libcap2-bin_1%3a2.66-4_amd64.deb" [1]
2023-12-02 22:37:45 URL:https://deb.debian.org/debian/pool/main/libe/libedit/libedit2_3.1-20221030-2_amd64.deb [92992/92992] -> "/home/joao/runc/rootfs//var/cache/apt/archives/partial/libedit2_3.1-20221030-2_amd64.deb" [1]
2023-12-02 22:37:45 URL:https://deb.debian.org/debian/pool/main/libf/libffi/libffi8_3.4.4-1_amd64.deb [22856/22856] -> "/home/joao/runc/rootfs//var/cache/apt/archives/partial/libffi8_3.4.4-1_amd64.deb" [1]
2023-12-02 22:37:46 URL:https://deb.debian.org/debian/pool/main/libf/libfile-find-rule-perl/libfile-find-rule-perl_0.34-3_all.deb [26596/26596] -> "/home/joao/runc/rootfs//var/cache/apt/archives/partial/libfile-find-rule-perl_0.34-3_all.deb" [1]
2023-12-02 22:37:46 URL:https://deb.debian.org/debian/pool/main/libg/libgcrypt20/libgcrypt20_1.10.1-3_amd64.deb [696328/696328] -> "/home/joao/runc/rootfs//var/cache/apt/archives/partial/libgcrypt20_1.10.1-3_amd64.deb" [1]
2023-12-02 22:37:46 URL:https://deb.debian.org/debian/pool/main/libg/libgpg-error/libgpg-error0_1.46-1_amd64.deb [76888/76888] -> "/home/joao/runc/rootfs//var/cache/apt/archives/partial/libgpg-error0_1.46-1_amd64.deb" [1]
2023-12-02 22:37:46 URL:https://deb.debian.org/debian/pool/main/libi/libidn2/libidn2-0_2.3.3-1+b1_amd64.deb [123636/123636] -> "/home/joao/runc/rootfs//var/cache/apt/archives/partial/libidn2-0_2.3.3-1+b1_amd64.deb" [1]
2023-12-02 22:37:46 URL:https://deb.debian.org/debian/pool/main/libl/liblocale-gettext-perl/liblocale-gettext-perl_1.07-5_amd64.deb [15408/15408] -> "/home/joao/runc/rootfs//var/cache/apt/archives/partial/liblocale-gettext-perl_1.07-5_amd64.deb" [1]
2023-12-02 22:37:47 URL:https://deb.debian.org/debian/pool/main/libm/libmd/libmd0_1.0.4-2_amd64.deb [29456/29456] -> "/home/joao/runc/rootfs//var/cache/apt/archives/partial/libmd0_1.0.4-2_amd64.deb" [1]
2023-12-02 22:37:47 URL:https://deb.debian.org/debian/pool/main/libm/libmnl/libmnl0_1.0.4-3_amd64.deb [12476/12476] -> "/home/joao/runc/rootfs//var/cache/apt/archives/partial/libmnl0_1.0.4-3_amd64.deb" [1]
2023-12-02 22:37:47 URL:https://deb.debian.org/debian/pool/main/libn/libnftnl/libnftnl11_1.2.4-2_amd64.deb [61632/61632] -> "/home/joao/runc/rootfs//var/cache/apt/archives/partial/libnftnl11_1.2.4-2_amd64.deb" [1]
2023-12-02 22:37:47 URL:https://deb.debian.org/debian/pool/main/libn/libnumber-compare-perl/libnumber-compare-perl_0.03-3_all.deb [6332/6332] -> "/home/joao/runc/rootfs//var/cache/apt/archives/partial/libnumber-compare-perl_0.03-3_all.deb" [1]
2023-12-02 22:37:47 URL:https://deb.debian.org/debian/pool/main/libs/libseccomp/libseccomp2_2.5.4-1+b3_amd64.deb [46572/46572] -> "/home/joao/runc/rootfs//var/cache/apt/archives/partial/libseccomp2_2.5.4-1+b3_amd64.deb" [1]
2023-12-02 22:37:47 URL:https://deb.debian.org/debian/pool/main/libs/libselinux/libselinux1_3.4-1+b6_amd64.deb [73720/73720] -> "/home/joao/runc/rootfs//var/cache/apt/archives/partial/libselinux1_3.4-1+b6_amd64.deb" [1]
2023-12-02 22:37:47 URL:https://deb.debian.org/debian/pool/main/libs/libsemanage/libsemanage-common_3.4-1_all.deb [21632/21632] -> "/home/joao/runc/rootfs//var/cache/apt/archives/partial/libsemanage-common_3.4-1_all.deb" [1]
2023-12-02 22:37:47 URL:https://deb.debian.org/debian/pool/main/libs/libsemanage/libsemanage2_3.4-1+b5_amd64.deb [89884/89884] -> "/home/joao/runc/rootfs//var/cache/apt/archives/partial/libsemanage2_3.4-1+b5_amd64.deb" [1]
2023-12-02 22:37:48 URL:https://deb.debian.org/debian/pool/main/libs/libsepol/libsepol2_3.4-2.1_amd64.deb [275900/275900] -> "/home/joao/runc/rootfs//var/cache/apt/archives/partial/libsepol2_3.4-2.1_amd64.deb" [1]
2023-12-02 22:37:48 URL:https://deb.debian.org/debian/pool/main/libt/libtasn1-6/libtasn1-6_4.19.0-2_amd64.deb [56616/56616] -> "/home/joao/runc/rootfs//var/cache/apt/archives/partial/libtasn1-6_4.19.0-2_amd64.deb" [1]
2023-12-02 22:37:48 URL:https://deb.debian.org/debian/pool/main/libt/libtext-charwidth-perl/libtext-charwidth-perl_0.04-11_amd64.deb [9496/9496] -> "/home/joao/runc/rootfs//var/cache/apt/archives/partial/libtext-charwidth-perl_0.04-11_amd64.deb" [1]
2023-12-02 22:37:48 URL:https://deb.debian.org/debian/pool/main/libt/libtext-glob-perl/libtext-glob-perl_0.11-3_all.deb [7676/7676] -> "/home/joao/runc/rootfs//var/cache/apt/archives/partial/libtext-glob-perl_0.11-3_all.deb" [1]
2023-12-02 22:37:48 URL:https://deb.debian.org/debian/pool/main/libt/libtext-iconv-perl/libtext-iconv-perl_1.7-8_amd64.deb [14464/14464] -> "/home/joao/runc/rootfs//var/cache/apt/archives/partial/libtext-iconv-perl_1.7-8_amd64.deb" [1]
2023-12-02 22:37:48 URL:https://deb.debian.org/debian/pool/main/libt/libtext-wrapi18n-perl/libtext-wrapi18n-perl_0.06-10_all.deb [8808/8808] -> "/home/joao/runc/rootfs//var/cache/apt/archives/partial/libtext-wrapi18n-perl_0.06-10_all.deb" [1]
2023-12-02 22:37:49 URL:https://deb.debian.org/debian/pool/main/libt/libtirpc/libtirpc-common_1.3.3+ds-1_all.deb [14048/14048] -> "/home/joao/runc/rootfs//var/cache/apt/archives/partial/libtirpc-common_1.3.3+ds-1_all.deb" [1]
2023-12-02 22:37:49 URL:https://deb.debian.org/debian/pool/main/libt/libtirpc/libtirpc3_1.3.3+ds-1_amd64.deb [85192/85192] -> "/home/joao/runc/rootfs//var/cache/apt/archives/partial/libtirpc3_1.3.3+ds-1_amd64.deb" [1]
2023-12-02 22:37:49 URL:https://deb.debian.org/debian/pool/main/libu/libunistring/libunistring2_1.0-2_amd64.deb [436708/436708] -> "/home/joao/runc/rootfs//var/cache/apt/archives/partial/libunistring2_1.0-2_amd64.deb" [1]
2023-12-02 22:37:50 URL:https://deb.debian.org/debian/pool/main/libx/libxcrypt/libcrypt1_4.4.33-2_amd64.deb [89464/89464] -> "/home/joao/runc/rootfs//var/cache/apt/archives/partial/libcrypt1_1%3a4.4.33-2_amd64.deb" [1]
2023-12-02 22:37:50 URL:https://deb.debian.org/debian/pool/main/libz/libzstd/libzstd1_1.5.4+dfsg2-5_amd64.deb [290036/290036] -> "/home/joao/runc/rootfs//var/cache/apt/archives/partial/libzstd1_1.5.4+dfsg2-5_amd64.deb" [1]
2023-12-02 22:37:50 URL:https://deb.debian.org/debian/pool/main/l/logrotate/logrotate_3.21.0-1_amd64.deb [62108/62108] -> "/home/joao/runc/rootfs//var/cache/apt/archives/partial/logrotate_3.21.0-1_amd64.deb" [1]
2023-12-02 22:37:50 URL:https://deb.debian.org/debian/pool/main/l/lvm2/dmsetup_1.02.185-2_amd64.deb [82040/82040] -> "/home/joao/runc/rootfs//var/cache/apt/archives/partial/dmsetup_2%3a1.02.185-2_amd64.deb" [1]
2023-12-02 22:37:50 URL:https://deb.debian.org/debian/pool/main/l/lvm2/libdevmapper1.02.1_1.02.185-2_amd64.deb [132796/132796] -> "/home/joao/runc/rootfs//var/cache/apt/archives/partial/libdevmapper1.02.1_2%3a1.02.185-2_amd64.deb" [1]
2023-12-02 22:37:50 URL:https://deb.debian.org/debian/pool/main/l/lz4/liblz4-1_1.9.4-1_amd64.deb [62884/62884] -> "/home/joao/runc/rootfs//var/cache/apt/archives/partial/liblz4-1_1.9.4-1_amd64.deb" [1]
2023-12-02 22:37:51 URL:https://deb.debian.org/debian/pool/main/m/mawk/mawk_1.3.4.20200120-3.1_amd64.deb [119144/119144] -> "/home/joao/runc/rootfs//var/cache/apt/archives/partial/mawk_1.3.4.20200120-3.1_amd64.deb" [1]
2023-12-02 22:37:51 URL:https://deb.debian.org/debian/pool/main/n/nano/nano_7.2-1_amd64.deb [688568/688568] -> "/home/joao/runc/rootfs//var/cache/apt/archives/partial/nano_7.2-1_amd64.deb" [1]
2023-12-02 22:37:51 URL:https://deb.debian.org/debian/pool/main/n/ncurses/libncursesw6_6.4-4_amd64.deb [133824/133824] -> "/home/joao/runc/rootfs//var/cache/apt/archives/partial/libncursesw6_6.4-4_amd64.deb" [1]
2023-12-02 22:37:51 URL:https://deb.debian.org/debian/pool/main/n/ncurses/libtinfo6_6.4-4_amd64.deb [331352/331352] -> "/home/joao/runc/rootfs//var/cache/apt/archives/partial/libtinfo6_6.4-4_amd64.deb" [1]
2023-12-02 22:37:51 URL:https://deb.debian.org/debian/pool/main/n/ncurses/ncurses-base_6.4-4_all.deb [261308/261308] -> "/home/joao/runc/rootfs//var/cache/apt/archives/partial/ncurses-base_6.4-4_all.deb" [1]
2023-12-02 22:37:51 URL:https://deb.debian.org/debian/pool/main/n/ncurses/ncurses-bin_6.4-4_amd64.deb [421400/421400] -> "/home/joao/runc/rootfs//var/cache/apt/archives/partial/ncurses-bin_6.4-4_amd64.deb" [1]
2023-12-02 22:37:52 URL:https://deb.debian.org/debian/pool/main/n/netbase/netbase_6.4_all.deb [12800/12800] -> "/home/joao/runc/rootfs//var/cache/apt/archives/partial/netbase_6.4_all.deb" [1]
2023-12-02 22:37:52 URL:https://deb.debian.org/debian/pool/main/n/nettle/libhogweed6_3.8.1-2_amd64.deb [327524/327524] -> "/home/joao/runc/rootfs//var/cache/apt/archives/partial/libhogweed6_3.8.1-2_amd64.deb" [1]
2023-12-02 22:37:52 URL:https://deb.debian.org/debian/pool/main/n/nettle/libnettle8_3.8.1-2_amd64.deb [287764/287764] -> "/home/joao/runc/rootfs//var/cache/apt/archives/partial/libnettle8_3.8.1-2_amd64.deb" [1]
2023-12-02 22:37:52 URL:https://deb.debian.org/debian/pool/main/n/newt/libnewt0.52_0.52.23-1+b1_amd64.deb [59236/59236] -> "/home/joao/runc/rootfs//var/cache/apt/archives/partial/libnewt0.52_0.52.23-1+b1_amd64.deb" [1]
2023-12-02 22:37:52 URL:https://deb.debian.org/debian/pool/main/n/newt/whiptail_0.52.23-1+b1_amd64.deb [24228/24228] -> "/home/joao/runc/rootfs//var/cache/apt/archives/partial/whiptail_0.52.23-1+b1_amd64.deb" [1]
2023-12-02 22:37:53 URL:https://deb.debian.org/debian/pool/main/n/nftables/libnftables1_1.0.6-2+deb12u2_amd64.deb [299116/299116] -> "/home/joao/runc/rootfs//var/cache/apt/archives/partial/libnftables1_1.0.6-2+deb12u2_amd64.deb" [1]
2023-12-02 22:37:53 URL:https://deb.debian.org/debian/pool/main/n/nftables/nftables_1.0.6-2+deb12u2_amd64.deb [70292/70292] -> "/home/joao/runc/rootfs//var/cache/apt/archives/partial/nftables_1.0.6-2+deb12u2_amd64.deb" [1]
2023-12-02 22:37:53 URL:https://deb.debian.org/debian/pool/main/o/openssl/libssl3_3.0.11-1~deb12u1_amd64.deb [2017816/2017816] -> "/home/joao/runc/rootfs//var/cache/apt/archives/partial/libssl3_3.0.11-1~deb12u1_amd64.deb" [1]
2023-12-02 22:37:53 URL:https://deb.debian.org/debian/pool/main/o/openssl/openssl_3.0.11-1~deb12u1_amd64.deb [1420476/1420476] -> "/home/joao/runc/rootfs//var/cache/apt/archives/partial/openssl_3.0.11-1~deb12u1_amd64.deb" [1]
2023-12-02 22:37:54 URL:https://deb.debian.org/debian/pool/main/p/p11-kit/libp11-kit0_0.24.1-2_amd64.deb [345080/345080] -> "/home/joao/runc/rootfs//var/cache/apt/archives/partial/libp11-kit0_0.24.1-2_amd64.deb" [1]
2023-12-02 22:37:54 URL:https://deb.debian.org/debian/pool/main/p/pam/libpam-modules_1.5.2-6+deb12u1_amd64.deb [290976/290976] -> "/home/joao/runc/rootfs//var/cache/apt/archives/partial/libpam-modules_1.5.2-6+deb12u1_amd64.deb" [1]
2023-12-02 22:37:54 URL:https://deb.debian.org/debian/pool/main/p/pam/libpam-modules-bin_1.5.2-6+deb12u1_amd64.deb [75604/75604] -> "/home/joao/runc/rootfs//var/cache/apt/archives/partial/libpam-modules-bin_1.5.2-6+deb12u1_amd64.deb" [1]
2023-12-02 22:37:54 URL:https://deb.debian.org/debian/pool/main/p/pam/libpam-runtime_1.5.2-6+deb12u1_all.deb [161064/161064] -> "/home/joao/runc/rootfs//var/cache/apt/archives/partial/libpam-runtime_1.5.2-6+deb12u1_all.deb" [1]
2023-12-02 22:37:54 URL:https://deb.debian.org/debian/pool/main/p/pam/libpam0g_1.5.2-6+deb12u1_amd64.deb [91960/91960] -> "/home/joao/runc/rootfs//var/cache/apt/archives/partial/libpam0g_1.5.2-6+deb12u1_amd64.deb" [1]
2023-12-02 22:37:54 URL:https://deb.debian.org/debian/pool/main/p/pcre2/libpcre2-8-0_10.42-1_amd64.deb [260776/260776] -> "/home/joao/runc/rootfs//var/cache/apt/archives/partial/libpcre2-8-0_10.42-1_amd64.deb" [1]
2023-12-02 22:37:55 URL:https://deb.debian.org/debian/pool/main/p/perl/libperl5.36_5.36.0-7_amd64.deb [4217892/4217892] -> "/home/joao/runc/rootfs//var/cache/apt/archives/partial/libperl5.36_5.36.0-7_amd64.deb" [1]
2023-12-02 22:37:55 URL:https://deb.debian.org/debian/pool/main/p/perl/perl_5.36.0-7_amd64.deb [238628/238628] -> "/home/joao/runc/rootfs//var/cache/apt/archives/partial/perl_5.36.0-7_amd64.deb" [1]
2023-12-02 22:37:55 URL:https://deb.debian.org/debian/pool/main/p/perl/perl-base_5.36.0-7_amd64.deb [1608400/1608400] -> "/home/joao/runc/rootfs//var/cache/apt/archives/partial/perl-base_5.36.0-7_amd64.deb" [1]
2023-12-02 22:37:55 URL:https://deb.debian.org/debian/pool/main/p/perl/perl-modules-5.36_5.36.0-7_all.deb [2814832/2814832] -> "/home/joao/runc/rootfs//var/cache/apt/archives/partial/perl-modules-5.36_5.36.0-7_all.deb" [1]
2023-12-02 22:37:55 URL:https://deb.debian.org/debian/pool/main/p/popt/libpopt0_1.19+dfsg-1_amd64.deb [43268/43268] -> "/home/joao/runc/rootfs//var/cache/apt/archives/partial/libpopt0_1.19+dfsg-1_amd64.deb" [1]
2023-12-02 22:37:56 URL:https://deb.debian.org/debian/pool/main/p/procps/libproc2-0_4.0.2-3_amd64.deb [62804/62804] -> "/home/joao/runc/rootfs//var/cache/apt/archives/partial/libproc2-0_2%3a4.0.2-3_amd64.deb" [1]
2023-12-02 22:37:56 URL:https://deb.debian.org/debian/pool/main/p/procps/procps_4.0.2-3_amd64.deb [708712/708712] -> "/home/joao/runc/rootfs//var/cache/apt/archives/partial/procps_2%3a4.0.2-3_amd64.deb" [1]
2023-12-02 22:37:56 URL:https://deb.debian.org/debian/pool/main/r/readline/libreadline8_8.2-1.3_amd64.deb [165760/165760] -> "/home/joao/runc/rootfs//var/cache/apt/archives/partial/libreadline8_8.2-1.3_amd64.deb" [1]
2023-12-02 22:37:56 URL:https://deb.debian.org/debian/pool/main/r/readline/readline-common_8.2-1.3_all.deb [68988/68988] -> "/home/joao/runc/rootfs//var/cache/apt/archives/partial/readline-common_8.2-1.3_all.deb" [1]
2023-12-02 22:37:56 URL:https://deb.debian.org/debian/pool/main/s/sed/sed_4.9-1_amd64.deb [328900/328900] -> "/home/joao/runc/rootfs//var/cache/apt/archives/partial/sed_4.9-1_amd64.deb" [1]
2023-12-02 22:37:56 URL:https://deb.debian.org/debian/pool/main/s/sensible-utils/sensible-utils_0.0.17+nmu1_all.deb [19020/19020] -> "/home/joao/runc/rootfs//var/cache/apt/archives/partial/sensible-utils_0.0.17+nmu1_all.deb" [1]
2023-12-02 22:37:57 URL:https://deb.debian.org/debian/pool/main/s/shadow/login_4.13+dfsg1-1+b1_amd64.deb [616264/616264] -> "/home/joao/runc/rootfs//var/cache/apt/archives/partial/login_1%3a4.13+dfsg1-1+b1_amd64.deb" [1]
2023-12-02 22:37:57 URL:https://deb.debian.org/debian/pool/main/s/shadow/passwd_4.13+dfsg1-1+b1_amd64.deb [972452/972452] -> "/home/joao/runc/rootfs//var/cache/apt/archives/partial/passwd_1%3a4.13+dfsg1-1+b1_amd64.deb" [1]
2023-12-02 22:37:57 URL:https://deb.debian.org/debian/pool/main/s/slang2/libslang2_2.3.3-3_amd64.deb [554316/554316] -> "/home/joao/runc/rootfs//var/cache/apt/archives/partial/libslang2_2.3.3-3_amd64.deb" [1]
2023-12-02 22:37:57 URL:https://deb.debian.org/debian/pool/main/s/systemd/libsystemd-shared_252.17-1~deb12u1_amd64.deb [1690572/1690572] -> "/home/joao/runc/rootfs//var/cache/apt/archives/partial/libsystemd-shared_252.17-1~deb12u1_amd64.deb" [1]
2023-12-02 22:37:58 URL:https://deb.debian.org/debian/pool/main/s/systemd/libsystemd0_252.17-1~deb12u1_amd64.deb [330936/330936] -> "/home/joao/runc/rootfs//var/cache/apt/archives/partial/libsystemd0_252.17-1~deb12u1_amd64.deb" [1]
2023-12-02 22:37:58 URL:https://deb.debian.org/debian/pool/main/s/systemd/libudev1_252.17-1~deb12u1_amd64.deb [107552/107552] -> "/home/joao/runc/rootfs//var/cache/apt/archives/partial/libudev1_252.17-1~deb12u1_amd64.deb" [1]
2023-12-02 22:37:58 URL:https://deb.debian.org/debian/pool/main/s/systemd/systemd_252.17-1~deb12u1_amd64.deb [3028528/3028528] -> "/home/joao/runc/rootfs//var/cache/apt/archives/partial/systemd_252.17-1~deb12u1_amd64.deb" [1]
2023-12-02 22:37:58 URL:https://deb.debian.org/debian/pool/main/s/systemd/systemd-sysv_252.17-1~deb12u1_amd64.deb [41752/41752] -> "/home/joao/runc/rootfs//var/cache/apt/archives/partial/systemd-sysv_252.17-1~deb12u1_amd64.deb" [1]
2023-12-02 22:37:59 URL:https://deb.debian.org/debian/pool/main/s/systemd/udev_252.17-1~deb12u1_amd64.deb [1642552/1642552] -> "/home/joao/runc/rootfs//var/cache/apt/archives/partial/udev_252.17-1~deb12u1_amd64.deb" [1]
2023-12-02 22:37:59 URL:https://deb.debian.org/debian/pool/main/s/sysvinit/sysvinit-utils_3.06-4_amd64.deb [30996/30996] -> "/home/joao/runc/rootfs//var/cache/apt/archives/partial/sysvinit-utils_3.06-4_amd64.deb" [1]
2023-12-02 22:37:59 URL:https://deb.debian.org/debian/pool/main/t/tar/tar_1.34+dfsg-1.2_amd64.deb [835980/835980] -> "/home/joao/runc/rootfs//var/cache/apt/archives/partial/tar_1.34+dfsg-1.2_amd64.deb" [1]
2023-12-02 22:37:59 URL:https://deb.debian.org/debian/pool/main/t/tasksel/tasksel_3.73_all.deb [51208/51208] -> "/home/joao/runc/rootfs//var/cache/apt/archives/partial/tasksel_3.73_all.deb" [1]
2023-12-02 22:38:00 URL:https://deb.debian.org/debian/pool/main/t/tasksel/tasksel-data_3.73_all.deb [17988/17988] -> "/home/joao/runc/rootfs//var/cache/apt/archives/partial/tasksel-data_3.73_all.deb" [1]
2023-12-02 22:38:00 URL:https://deb.debian.org/debian/pool/main/t/tzdata/tzdata_2023c-5_all.deb [295836/295836] -> "/home/joao/runc/rootfs//var/cache/apt/archives/partial/tzdata_2023c-5_all.deb" [1]
2023-12-02 22:38:00 URL:https://deb.debian.org/debian/pool/main/u/usrmerge/usrmerge_35_all.deb [12540/12540] -> "/home/joao/runc/rootfs//var/cache/apt/archives/partial/usrmerge_35_all.deb" [1]
2023-12-02 22:38:00 URL:https://deb.debian.org/debian/pool/main/u/util-linux/bsdutils_2.38.1-5+b1_amd64.deb [94364/94364] -> "/home/joao/runc/rootfs//var/cache/apt/archives/partial/bsdutils_1%3a2.38.1-5+b1_amd64.deb" [1]
2023-12-02 22:38:00 URL:https://deb.debian.org/debian/pool/main/u/util-linux/fdisk_2.38.1-5+b1_amd64.deb [141628/141628] -> "/home/joao/runc/rootfs//var/cache/apt/archives/partial/fdisk_2.38.1-5+b1_amd64.deb" [1]
2023-12-02 22:38:00 URL:https://deb.debian.org/debian/pool/main/u/util-linux/libblkid1_2.38.1-5+b1_amd64.deb [147452/147452] -> "/home/joao/runc/rootfs//var/cache/apt/archives/partial/libblkid1_2.38.1-5+b1_amd64.deb" [1]
2023-12-02 22:38:01 URL:https://deb.debian.org/debian/pool/main/u/util-linux/libfdisk1_2.38.1-5+b1_amd64.deb [193716/193716] -> "/home/joao/runc/rootfs//var/cache/apt/archives/partial/libfdisk1_2.38.1-5+b1_amd64.deb" [1]
2023-12-02 22:38:01 URL:https://deb.debian.org/debian/pool/main/u/util-linux/libmount1_2.38.1-5+b1_amd64.deb [165848/165848] -> "/home/joao/runc/rootfs//var/cache/apt/archives/partial/libmount1_2.38.1-5+b1_amd64.deb" [1]
2023-12-02 22:38:01 URL:https://deb.debian.org/debian/pool/main/u/util-linux/libsmartcols1_2.38.1-5+b1_amd64.deb [106720/106720] -> "/home/joao/runc/rootfs//var/cache/apt/archives/partial/libsmartcols1_2.38.1-5+b1_amd64.deb" [1]
2023-12-02 22:38:01 URL:https://deb.debian.org/debian/pool/main/u/util-linux/libuuid1_2.38.1-5+b1_amd64.deb [28764/28764] -> "/home/joao/runc/rootfs//var/cache/apt/archives/partial/libuuid1_2.38.1-5+b1_amd64.deb" [1]
2023-12-02 22:38:02 URL:https://deb.debian.org/debian/pool/main/u/util-linux/mount_2.38.1-5+b1_amd64.deb [134100/134100] -> "/home/joao/runc/rootfs//var/cache/apt/archives/partial/mount_2.38.1-5+b1_amd64.deb" [1]
2023-12-02 22:38:02 URL:https://deb.debian.org/debian/pool/main/u/util-linux/util-linux_2.38.1-5+b1_amd64.deb [1176996/1176996] -> "/home/joao/runc/rootfs//var/cache/apt/archives/partial/util-linux_2.38.1-5+b1_amd64.deb" [1]
2023-12-02 22:38:02 URL:https://deb.debian.org/debian/pool/main/u/util-linux/util-linux-extra_2.38.1-5+b1_amd64.deb [110520/110520] -> "/home/joao/runc/rootfs//var/cache/apt/archives/partial/util-linux-extra_2.38.1-5+b1_amd64.deb" [1]
2023-12-02 22:38:02 URL:https://deb.debian.org/debian/pool/main/v/vim/vim-common_9.0.1378-2_all.deb [124420/124420] -> "/home/joao/runc/rootfs//var/cache/apt/archives/partial/vim-common_2%3a9.0.1378-2_all.deb" [1]
2023-12-02 22:38:02 URL:https://deb.debian.org/debian/pool/main/v/vim/vim-tiny_9.0.1378-2_amd64.deb [719796/719796] -> "/home/joao/runc/rootfs//var/cache/apt/archives/partial/vim-tiny_2%3a9.0.1378-2_amd64.deb" [1]
2023-12-02 22:38:03 URL:https://deb.debian.org/debian/pool/main/x/xxhash/libxxhash0_0.8.1-1_amd64.deb [27584/27584] -> "/home/joao/runc/rootfs//var/cache/apt/archives/partial/libxxhash0_0.8.1-1_amd64.deb" [1]
2023-12-02 22:38:03 URL:https://deb.debian.org/debian/pool/main/x/xz-utils/liblzma5_5.4.1-0.2_amd64.deb [205312/205312] -> "/home/joao/runc/rootfs//var/cache/apt/archives/partial/liblzma5_5.4.1-0.2_amd64.deb" [1]
2023-12-02 22:38:03 URL:https://deb.debian.org/debian/pool/main/z/zlib/zlib1g_1.2.13.dfsg-1_amd64.deb [86684/86684] -> "/home/joao/runc/rootfs//var/cache/apt/archives/partial/zlib1g_1%3a1.2.13.dfsg-1_amd64.deb" [1]
dpkg: warning: parsing file '/var/lib/dpkg/status' near line 5 package 'dpkg':
 missing 'Description' field
dpkg: warning: parsing file '/var/lib/dpkg/status' near line 5 package 'dpkg':
 missing 'Architecture' field
Selecting previously unselected package base-passwd.
(Reading database ... 0 files and directories currently installed.)
Preparing to unpack .../base-passwd_3.6.1_amd64.deb ...
Unpacking base-passwd (3.6.1) ...
dpkg: base-passwd: dependency problems, but configuring anyway as you requested:
 base-passwd depends on libc6 (>= 2.34); however:
  Package libc6 is not installed.
 base-passwd depends on libdebconfclient0 (>= 0.145); however:
  Package libdebconfclient0 is not installed.
 base-passwd depends on libselinux1 (>= 3.1~); however:
  Package libselinux1 is not installed.

Setting up base-passwd (3.6.1) ...
dpkg: warning: parsing file '/var/lib/dpkg/status' near line 24 package 'dpkg':
 missing 'Description' field
dpkg: warning: parsing file '/var/lib/dpkg/status' near line 24 package 'dpkg':
 missing 'Architecture' field
Selecting previously unselected package base-files.
dpkg: regarding .../base-files_12.4+deb12u2_amd64.deb containing base-files, pre-dependency problem:
 base-files pre-depends on awk
  awk is not installed.

dpkg: warning: ignoring pre-dependency problem!
(Reading database ... 41 files and directories currently installed.)
Preparing to unpack .../base-files_12.4+deb12u2_amd64.deb ...
Unpacking base-files (12.4+deb12u2) ...
dpkg: base-files: dependency problems, but configuring anyway as you requested:
 base-files depends on awk; however:
  Package awk is not installed.

Setting up base-files (12.4+deb12u2) ...
dpkg: warning: parsing file '/var/lib/dpkg/status' near line 51 package 'dpkg':
 missing 'Description' field
dpkg: warning: parsing file '/var/lib/dpkg/status' near line 51 package 'dpkg':
 missing 'Architecture' field
dpkg: regarding .../dpkg_1.21.22_amd64.deb containing dpkg, pre-dependency problem:
 dpkg pre-depends on libbz2-1.0
  libbz2-1.0 is not installed.

dpkg: warning: ignoring pre-dependency problem!
dpkg: regarding .../dpkg_1.21.22_amd64.deb containing dpkg, pre-dependency problem:
 dpkg pre-depends on libc6 (>= 2.34)
  libc6 is not installed.

dpkg: warning: ignoring pre-dependency problem!
dpkg: regarding .../dpkg_1.21.22_amd64.deb containing dpkg, pre-dependency problem:
 dpkg pre-depends on liblzma5 (>= 5.4.0)
  liblzma5 is not installed.

dpkg: warning: ignoring pre-dependency problem!
dpkg: regarding .../dpkg_1.21.22_amd64.deb containing dpkg, pre-dependency problem:
 dpkg pre-depends on libmd0 (>= 0.0.0)
  libmd0 is not installed.

dpkg: warning: ignoring pre-dependency problem!
dpkg: regarding .../dpkg_1.21.22_amd64.deb containing dpkg, pre-dependency problem:
 dpkg pre-depends on libselinux1 (>= 3.1~)
  libselinux1 is not installed.

dpkg: warning: ignoring pre-dependency problem!
dpkg: regarding .../dpkg_1.21.22_amd64.deb containing dpkg, pre-dependency problem:
 dpkg pre-depends on libzstd1 (>= 1.5.2)
  libzstd1 is not installed.

dpkg: warning: ignoring pre-dependency problem!
dpkg: regarding .../dpkg_1.21.22_amd64.deb containing dpkg, pre-dependency problem:
 dpkg pre-depends on zlib1g (>= 1:1.1.4)
  zlib1g is not installed.

dpkg: warning: ignoring pre-dependency problem!
(Reading database ... 121 files and directories currently installed.)
Preparing to unpack .../dpkg_1.21.22_amd64.deb ...
Unpacking dpkg (1.21.22) over (1.21.22) ...
dpkg: dpkg: dependency problems, but configuring anyway as you requested:
 dpkg depends on libbz2-1.0; however:
  Package libbz2-1.0 is not installed.
 dpkg depends on libc6 (>= 2.34); however:
  Package libc6 is not installed.
 dpkg depends on liblzma5 (>= 5.4.0); however:
  Package liblzma5 is not installed.
 dpkg depends on libmd0 (>= 0.0.0); however:
  Package libmd0 is not installed.
 dpkg depends on libselinux1 (>= 3.1~); however:
  Package libselinux1 is not installed.
 dpkg depends on libzstd1 (>= 1.5.2); however:
  Package libzstd1 is not installed.
 dpkg depends on zlib1g (>= 1:1.1.4); however:
  Package zlib1g is not installed.
 dpkg depends on tar (>= 1.28-1); however:
  Package tar is not installed.

Setting up dpkg (1.21.22) ...
Selecting previously unselected package libc6:amd64.
(Reading database ... 420 files and directories currently installed.)
Preparing to unpack .../libc6_2.36-9+deb12u2_amd64.deb ...
Unpacking libc6:amd64 (2.36-9+deb12u2) ...
dpkg: libc6:amd64: dependency problems, but configuring anyway as you requested:
 libc6:amd64 depends on libgcc-s1; however:
  Package libgcc-s1 is not installed.

Setting up libc6:amd64 (2.36-9+deb12u2) ...
Selecting previously unselected package perl-base.
dpkg: regarding .../perl-base_5.36.0-7_amd64.deb containing perl-base, pre-dependency problem:
 perl-base pre-depends on libcrypt1 (>= 1:4.1.0)
  libcrypt1 is not installed.

dpkg: warning: ignoring pre-dependency problem!
(Reading database ... 713 files and directories currently installed.)
Preparing to unpack .../perl-base_5.36.0-7_amd64.deb ...
Unpacking perl-base (5.36.0-7) ...
dpkg: perl-base: dependency problems, but configuring anyway as you requested:
 perl-base depends on libcrypt1 (>= 1:4.1.0); however:
  Package libcrypt1 is not installed.

Setting up perl-base (5.36.0-7) ...
Selecting previously unselected package mawk.
(Reading database ... 1441 files and directories currently installed.)
Preparing to unpack .../mawk_1.3.4.20200120-3.1_amd64.deb ...
Unpacking mawk (1.3.4.20200120-3.1) ...
Setting up mawk (1.3.4.20200120-3.1) ...
update-alternatives: using /usr/bin/mawk to provide /usr/bin/awk (awk) in auto mode
Selecting previously unselected package debconf.
(Reading database ... 1460 files and directories currently installed.)
Preparing to unpack .../debconf_1.5.82_all.deb ...
Unpacking debconf (1.5.82) ...
Setting up debconf (1.5.82) ...
Selecting previously unselected package libacl1:amd64.
(Reading database ... 1620 files and directories currently installed.)
Preparing to unpack .../libacl1_2.3.1-3_amd64.deb ...
Unpacking libacl1:amd64 (2.3.1-3) ...
Selecting previously unselected package adduser.
Preparing to unpack .../archives/adduser_3.134_all.deb ...
Unpacking adduser (3.134) ...
Selecting previously unselected package apt.
Preparing to unpack .../archives/apt_2.6.1_amd64.deb ...
Unpacking apt (2.6.1) ...
Selecting previously unselected package libapt-pkg6.0:amd64.
Preparing to unpack .../libapt-pkg6.0_2.6.1_amd64.deb ...
Unpacking libapt-pkg6.0:amd64 (2.6.1) ...
Selecting previously unselected package libattr1:amd64.
Preparing to unpack .../libattr1_1%3a2.5.1-4_amd64.deb ...
Unpacking libattr1:amd64 (1:2.5.1-4) ...
Selecting previously unselected package libaudit-common.
Preparing to unpack .../libaudit-common_1%3a3.0.9-1_all.deb ...
Unpacking libaudit-common (1:3.0.9-1) ...
Selecting previously unselected package libaudit1:amd64.
Preparing to unpack .../libaudit1_1%3a3.0.9-1_amd64.deb ...
Unpacking libaudit1:amd64 (1:3.0.9-1) ...
Preparing to unpack .../base-files_12.4+deb12u2_amd64.deb ...
Unpacking base-files (12.4+deb12u2) over (12.4+deb12u2) ...
Preparing to unpack .../base-passwd_3.6.1_amd64.deb ...
Unpacking base-passwd (3.6.1) over (3.6.1) ...
Selecting previously unselected package bash.
dpkg: regarding .../bash_5.2.15-2+b2_amd64.deb containing bash, pre-dependency problem:
 bash pre-depends on libtinfo6 (>= 6)
  libtinfo6 is not installed.

dpkg: warning: ignoring pre-dependency problem!
Preparing to unpack .../bash_5.2.15-2+b2_amd64.deb ...
Unpacking bash (5.2.15-2+b2) ...
Selecting previously unselected package libbz2-1.0:amd64.
Preparing to unpack .../libbz2-1.0_1.0.8-5+b1_amd64.deb ...
Unpacking libbz2-1.0:amd64 (1.0.8-5+b1) ...
Selecting previously unselected package libdebconfclient0:amd64.
Preparing to unpack .../libdebconfclient0_0.270_amd64.deb ...
Unpacking libdebconfclient0:amd64 (0.270) ...
Selecting previously unselected package coreutils.
dpkg: regarding .../coreutils_9.1-1_amd64.deb containing coreutils, pre-dependency problem:
 coreutils pre-depends on libacl1 (>= 2.2.23)
  libacl1:amd64 is unpacked, but has never been configured.

dpkg: warning: ignoring pre-dependency problem!
dpkg: regarding .../coreutils_9.1-1_amd64.deb containing coreutils, pre-dependency problem:
 coreutils pre-depends on libattr1 (>= 1:2.4.44)
  libattr1:amd64 is unpacked, but has never been configured.

dpkg: warning: ignoring pre-dependency problem!
dpkg: regarding .../coreutils_9.1-1_amd64.deb containing coreutils, pre-dependency problem:
 coreutils pre-depends on libgmp10 (>= 2:6.2.1+dfsg1)
  libgmp10 is not installed.

dpkg: warning: ignoring pre-dependency problem!
dpkg: regarding .../coreutils_9.1-1_amd64.deb containing coreutils, pre-dependency problem:
 coreutils pre-depends on libselinux1 (>= 3.1~)
  libselinux1 is not installed.

dpkg: warning: ignoring pre-dependency problem!
Preparing to unpack .../coreutils_9.1-1_amd64.deb ...
Unpacking coreutils (9.1-1) ...
Selecting previously unselected package dash.
Preparing to unpack .../dash_0.5.12-2_amd64.deb ...
Unpacking dash (0.5.12-2) ...
Selecting previously unselected package libdb5.3:amd64.
Preparing to unpack .../libdb5.3_5.3.28+dfsg2-1_amd64.deb ...
Unpacking libdb5.3:amd64 (5.3.28+dfsg2-1) ...
Preparing to unpack .../debconf_1.5.82_all.deb ...
Unpacking debconf (1.5.82) over (1.5.82) ...
Selecting previously unselected package debian-archive-keyring.
Preparing to unpack .../debian-archive-keyring_2023.3+deb12u1_all.deb ...
Unpacking debian-archive-keyring (2023.3+deb12u1) ...
Selecting previously unselected package debianutils.
Preparing to unpack .../debianutils_5.7-0.5~deb12u1_amd64.deb ...
Unpacking debianutils (5.7-0.5~deb12u1) ...
Selecting previously unselected package diffutils.
Preparing to unpack .../diffutils_1%3a3.8-4_amd64.deb ...
Unpacking diffutils (1:3.8-4) ...
dpkg: regarding .../dpkg_1.21.22_amd64.deb containing dpkg, pre-dependency problem:
 dpkg pre-depends on libbz2-1.0
  libbz2-1.0:amd64 is unpacked, but has never been configured.

dpkg: warning: ignoring pre-dependency problem!
dpkg: regarding .../dpkg_1.21.22_amd64.deb containing dpkg, pre-dependency problem:
 dpkg pre-depends on liblzma5 (>= 5.4.0)
  liblzma5 is not installed.

dpkg: warning: ignoring pre-dependency problem!
dpkg: regarding .../dpkg_1.21.22_amd64.deb containing dpkg, pre-dependency problem:
 dpkg pre-depends on libmd0 (>= 0.0.0)
  libmd0 is not installed.

dpkg: warning: ignoring pre-dependency problem!
dpkg: regarding .../dpkg_1.21.22_amd64.deb containing dpkg, pre-dependency problem:
 dpkg pre-depends on libselinux1 (>= 3.1~)
  libselinux1 is not installed.

dpkg: warning: ignoring pre-dependency problem!
dpkg: regarding .../dpkg_1.21.22_amd64.deb containing dpkg, pre-dependency problem:
 dpkg pre-depends on libzstd1 (>= 1.5.2)
  libzstd1 is not installed.

dpkg: warning: ignoring pre-dependency problem!
dpkg: regarding .../dpkg_1.21.22_amd64.deb containing dpkg, pre-dependency problem:
 dpkg pre-depends on zlib1g (>= 1:1.1.4)
  zlib1g is not installed.

dpkg: warning: ignoring pre-dependency problem!
Preparing to unpack .../dpkg_1.21.22_amd64.deb ...
Unpacking dpkg (1.21.22) over (1.21.22) ...
Selecting previously unselected package e2fsprogs.
dpkg: regarding .../e2fsprogs_1.47.0-2_amd64.deb containing e2fsprogs, pre-dependency problem:
 e2fsprogs pre-depends on libblkid1 (>= 2.36)
  libblkid1 is not installed.

dpkg: warning: ignoring pre-dependency problem!
dpkg: regarding .../e2fsprogs_1.47.0-2_amd64.deb containing e2fsprogs, pre-dependency problem:
 e2fsprogs pre-depends on libcom-err2 (>= 1.43.9)
  libcom-err2 is not installed.

dpkg: warning: ignoring pre-dependency problem!
dpkg: regarding .../e2fsprogs_1.47.0-2_amd64.deb containing e2fsprogs, pre-dependency problem:
 e2fsprogs pre-depends on libext2fs2 (= 1.47.0-2)
  libext2fs2 is not installed.

dpkg: warning: ignoring pre-dependency problem!
dpkg: regarding .../e2fsprogs_1.47.0-2_amd64.deb containing e2fsprogs, pre-dependency problem:
 e2fsprogs pre-depends on libss2 (>= 1.38)
  libss2 is not installed.

dpkg: warning: ignoring pre-dependency problem!
dpkg: regarding .../e2fsprogs_1.47.0-2_amd64.deb containing e2fsprogs, pre-dependency problem:
 e2fsprogs pre-depends on libuuid1 (>= 2.16)
  libuuid1 is not installed.

dpkg: warning: ignoring pre-dependency problem!
Preparing to unpack .../e2fsprogs_1.47.0-2_amd64.deb ...
Unpacking e2fsprogs (1.47.0-2) ...
Selecting previously unselected package libcom-err2:amd64.
Preparing to unpack .../libcom-err2_1.47.0-2_amd64.deb ...
Unpacking libcom-err2:amd64 (1.47.0-2) ...
Selecting previously unselected package libext2fs2:amd64.
Preparing to unpack .../libext2fs2_1.47.0-2_amd64.deb ...
Unpacking libext2fs2:amd64 (1.47.0-2) ...
Selecting previously unselected package libss2:amd64.
Preparing to unpack .../libss2_1.47.0-2_amd64.deb ...
Unpacking libss2:amd64 (1.47.0-2) ...
Selecting previously unselected package logsave.
Preparing to unpack .../logsave_1.47.0-2_amd64.deb ...
Unpacking logsave (1.47.0-2) ...
Selecting previously unselected package findutils.
dpkg: regarding .../findutils_4.9.0-4_amd64.deb containing findutils, pre-dependency problem:
 findutils pre-depends on libselinux1 (>= 3.1~)
  libselinux1 is not installed.

dpkg: warning: ignoring pre-dependency problem!
Preparing to unpack .../findutils_4.9.0-4_amd64.deb ...
Unpacking findutils (4.9.0-4) ...
Selecting previously unselected package gcc-12-base:amd64.
Preparing to unpack .../gcc-12-base_12.2.0-14_amd64.deb ...
Unpacking gcc-12-base:amd64 (12.2.0-14) ...
Selecting previously unselected package libgcc-s1:amd64.
Preparing to unpack .../libgcc-s1_12.2.0-14_amd64.deb ...
Unpacking libgcc-s1:amd64 (12.2.0-14) ...
Selecting previously unselected package libstdc++6:amd64.
Preparing to unpack .../libstdc++6_12.2.0-14_amd64.deb ...
Unpacking libstdc++6:amd64 (12.2.0-14) ...
Selecting previously unselected package libgdbm-compat4:amd64.
Preparing to unpack .../libgdbm-compat4_1.23-3_amd64.deb ...
Unpacking libgdbm-compat4:amd64 (1.23-3) ...
Selecting previously unselected package libgdbm6:amd64.
Preparing to unpack .../libgdbm6_1.23-3_amd64.deb ...
Unpacking libgdbm6:amd64 (1.23-3) ...
Selecting previously unselected package libc-bin.
Preparing to unpack .../libc-bin_2.36-9+deb12u2_amd64.deb ...
Unpacking libc-bin (2.36-9+deb12u2) ...
Preparing to unpack .../libc6_2.36-9+deb12u2_amd64.deb ...
Unpacking libc6:amd64 (2.36-9+deb12u2) over (2.36-9+deb12u2) ...
Selecting previously unselected package libgmp10:amd64.
Preparing to unpack .../libgmp10_2%3a6.2.1+dfsg1-1.1_amd64.deb ...
Unpacking libgmp10:amd64 (2:6.2.1+dfsg1-1.1) ...
Selecting previously unselected package gpgv.
Preparing to unpack .../gpgv_2.2.40-1.1_amd64.deb ...
Unpacking gpgv (2.2.40-1.1) ...
Selecting previously unselected package libgnutls30:amd64.
Preparing to unpack .../libgnutls30_3.7.9-2_amd64.deb ...
Unpacking libgnutls30:amd64 (3.7.9-2) ...
Selecting previously unselected package grep.
dpkg: regarding .../archives/grep_3.8-5_amd64.deb containing grep, pre-dependency problem:
 grep pre-depends on libpcre2-8-0 (>= 10.32)
  libpcre2-8-0 is not installed.

dpkg: warning: ignoring pre-dependency problem!
Preparing to unpack .../archives/grep_3.8-5_amd64.deb ...
Unpacking grep (3.8-5) ...
Selecting previously unselected package gzip.
Preparing to unpack .../archives/gzip_1.12-1_amd64.deb ...
Unpacking gzip (1.12-1) ...
Selecting previously unselected package hostname.
Preparing to unpack .../hostname_3.23+nmu1_amd64.deb ...
Unpacking hostname (3.23+nmu1) ...
Selecting previously unselected package init-system-helpers.
Preparing to unpack .../init-system-helpers_1.65.2_all.deb ...
Unpacking init-system-helpers (1.65.2) ...
Selecting previously unselected package libcap-ng0:amd64.
Preparing to unpack .../libcap-ng0_0.8.3-1+b3_amd64.deb ...
Unpacking libcap-ng0:amd64 (0.8.3-1+b3) ...
Selecting previously unselected package libcap2:amd64.
Preparing to unpack .../libcap2_1%3a2.66-4_amd64.deb ...
Unpacking libcap2:amd64 (1:2.66-4) ...
Selecting previously unselected package libffi8:amd64.
Preparing to unpack .../libffi8_3.4.4-1_amd64.deb ...
Unpacking libffi8:amd64 (3.4.4-1) ...
Selecting previously unselected package libfile-find-rule-perl.
Preparing to unpack .../libfile-find-rule-perl_0.34-3_all.deb ...
Unpacking libfile-find-rule-perl (0.34-3) ...
Selecting previously unselected package libgcrypt20:amd64.
Preparing to unpack .../libgcrypt20_1.10.1-3_amd64.deb ...
Unpacking libgcrypt20:amd64 (1.10.1-3) ...
Selecting previously unselected package libgpg-error0:amd64.
Preparing to unpack .../libgpg-error0_1.46-1_amd64.deb ...
Unpacking libgpg-error0:amd64 (1.46-1) ...
Selecting previously unselected package libidn2-0:amd64.
Preparing to unpack .../libidn2-0_2.3.3-1+b1_amd64.deb ...
Unpacking libidn2-0:amd64 (2.3.3-1+b1) ...
Selecting previously unselected package libmd0:amd64.
Preparing to unpack .../libmd0_1.0.4-2_amd64.deb ...
Unpacking libmd0:amd64 (1.0.4-2) ...
Selecting previously unselected package libnumber-compare-perl.
Preparing to unpack .../libnumber-compare-perl_0.03-3_all.deb ...
Unpacking libnumber-compare-perl (0.03-3) ...
Selecting previously unselected package libseccomp2:amd64.
Preparing to unpack .../libseccomp2_2.5.4-1+b3_amd64.deb ...
Unpacking libseccomp2:amd64 (2.5.4-1+b3) ...
Selecting previously unselected package libselinux1:amd64.
Preparing to unpack .../libselinux1_3.4-1+b6_amd64.deb ...
Unpacking libselinux1:amd64 (3.4-1+b6) ...
Selecting previously unselected package libsemanage-common.
Preparing to unpack .../libsemanage-common_3.4-1_all.deb ...
Unpacking libsemanage-common (3.4-1) ...
Selecting previously unselected package libsemanage2:amd64.
Preparing to unpack .../libsemanage2_3.4-1+b5_amd64.deb ...
Unpacking libsemanage2:amd64 (3.4-1+b5) ...
Selecting previously unselected package libsepol2:amd64.
Preparing to unpack .../libsepol2_3.4-2.1_amd64.deb ...
Unpacking libsepol2:amd64 (3.4-2.1) ...
Selecting previously unselected package libtasn1-6:amd64.
Preparing to unpack .../libtasn1-6_4.19.0-2_amd64.deb ...
Unpacking libtasn1-6:amd64 (4.19.0-2) ...
Selecting previously unselected package libtext-glob-perl.
Preparing to unpack .../libtext-glob-perl_0.11-3_all.deb ...
Unpacking libtext-glob-perl (0.11-3) ...
Selecting previously unselected package libunistring2:amd64.
Preparing to unpack .../libunistring2_1.0-2_amd64.deb ...
Unpacking libunistring2:amd64 (1.0-2) ...
Selecting previously unselected package libcrypt1:amd64.
Preparing to unpack .../libcrypt1_1%3a4.4.33-2_amd64.deb ...
Unpacking libcrypt1:amd64 (1:4.4.33-2) ...
Selecting previously unselected package libzstd1:amd64.
Preparing to unpack .../libzstd1_1.5.4+dfsg2-5_amd64.deb ...
Unpacking libzstd1:amd64 (1.5.4+dfsg2-5) ...
Selecting previously unselected package liblz4-1:amd64.
Preparing to unpack .../liblz4-1_1.9.4-1_amd64.deb ...
Unpacking liblz4-1:amd64 (1.9.4-1) ...
Preparing to unpack .../mawk_1.3.4.20200120-3.1_amd64.deb ...
Unpacking mawk (1.3.4.20200120-3.1) over (1.3.4.20200120-3.1) ...
Selecting previously unselected package libtinfo6:amd64.
Preparing to unpack .../libtinfo6_6.4-4_amd64.deb ...
Unpacking libtinfo6:amd64 (6.4-4) ...
Selecting previously unselected package ncurses-base.
Preparing to unpack .../ncurses-base_6.4-4_all.deb ...
Unpacking ncurses-base (6.4-4) ...
Selecting previously unselected package ncurses-bin.
dpkg: regarding .../ncurses-bin_6.4-4_amd64.deb containing ncurses-bin, pre-dependency problem:
 ncurses-bin pre-depends on libtinfo6 (>= 6.3)
  libtinfo6:amd64 is unpacked, but has never been configured.

dpkg: warning: ignoring pre-dependency problem!
Preparing to unpack .../ncurses-bin_6.4-4_amd64.deb ...
Unpacking ncurses-bin (6.4-4) ...
Selecting previously unselected package libhogweed6:amd64.
Preparing to unpack .../libhogweed6_3.8.1-2_amd64.deb ...
Unpacking libhogweed6:amd64 (3.8.1-2) ...
Selecting previously unselected package libnettle8:amd64.
Preparing to unpack .../libnettle8_3.8.1-2_amd64.deb ...
Unpacking libnettle8:amd64 (3.8.1-2) ...
Selecting previously unselected package libp11-kit0:amd64.
Preparing to unpack .../libp11-kit0_0.24.1-2_amd64.deb ...
Unpacking libp11-kit0:amd64 (0.24.1-2) ...
Selecting previously unselected package libpam-modules:amd64.
dpkg: regarding .../libpam-modules_1.5.2-6+deb12u1_amd64.deb containing libpam-modules:amd64, pre-dependency problem:
 libpam-modules pre-depends on libaudit1 (>= 1:2.2.1)
  libaudit1:amd64 is unpacked, but has never been configured.

dpkg: warning: ignoring pre-dependency problem!
dpkg: regarding .../libpam-modules_1.5.2-6+deb12u1_amd64.deb containing libpam-modules:amd64, pre-dependency problem:
 libpam-modules pre-depends on libcrypt1 (>= 1:4.3.0)
  libcrypt1:amd64 is unpacked, but has never been configured.

dpkg: warning: ignoring pre-dependency problem!
dpkg: regarding .../libpam-modules_1.5.2-6+deb12u1_amd64.deb containing libpam-modules:amd64, pre-dependency problem:
 libpam-modules pre-depends on libdb5.3
  libdb5.3:amd64 is unpacked, but has never been configured.

dpkg: warning: ignoring pre-dependency problem!
dpkg: regarding .../libpam-modules_1.5.2-6+deb12u1_amd64.deb containing libpam-modules:amd64, pre-dependency problem:
 libpam-modules pre-depends on libpam0g (>= 1.4.1)
  libpam0g is not installed.

dpkg: warning: ignoring pre-dependency problem!
dpkg: regarding .../libpam-modules_1.5.2-6+deb12u1_amd64.deb containing libpam-modules:amd64, pre-dependency problem:
 libpam-modules pre-depends on libselinux1 (>= 3.1~)
  libselinux1:amd64 is unpacked, but has never been configured.

dpkg: warning: ignoring pre-dependency problem!
dpkg: regarding .../libpam-modules_1.5.2-6+deb12u1_amd64.deb containing libpam-modules:amd64, pre-dependency problem:
 libpam-modules pre-depends on libpam-modules-bin (= 1.5.2-6+deb12u1)
  libpam-modules-bin is not installed.

dpkg: warning: ignoring pre-dependency problem!
Preparing to unpack .../libpam-modules_1.5.2-6+deb12u1_amd64.deb ...
Unpacking libpam-modules:amd64 (1.5.2-6+deb12u1) ...
Selecting previously unselected package libpam-modules-bin.
Preparing to unpack .../libpam-modules-bin_1.5.2-6+deb12u1_amd64.deb ...
Unpacking libpam-modules-bin (1.5.2-6+deb12u1) ...
Selecting previously unselected package libpam-runtime.
Preparing to unpack .../libpam-runtime_1.5.2-6+deb12u1_all.deb ...
Unpacking libpam-runtime (1.5.2-6+deb12u1) ...
Selecting previously unselected package libpam0g:amd64.
Preparing to unpack .../libpam0g_1.5.2-6+deb12u1_amd64.deb ...
Unpacking libpam0g:amd64 (1.5.2-6+deb12u1) ...
Selecting previously unselected package libpcre2-8-0:amd64.
Preparing to unpack .../libpcre2-8-0_10.42-1_amd64.deb ...
Unpacking libpcre2-8-0:amd64 (10.42-1) ...
Selecting previously unselected package libperl5.36:amd64.
Preparing to unpack .../libperl5.36_5.36.0-7_amd64.deb ...
Unpacking libperl5.36:amd64 (5.36.0-7) ...
Selecting previously unselected package perl.
Preparing to unpack .../perl_5.36.0-7_amd64.deb ...
Unpacking perl (5.36.0-7) ...
dpkg: regarding .../perl-base_5.36.0-7_amd64.deb containing perl-base, pre-dependency problem:
 perl-base pre-depends on libcrypt1 (>= 1:4.1.0)
  libcrypt1:amd64 is unpacked, but has never been configured.

dpkg: warning: ignoring pre-dependency problem!
Preparing to unpack .../perl-base_5.36.0-7_amd64.deb ...
Unpacking perl-base (5.36.0-7) over (5.36.0-7) ...
Selecting previously unselected package perl-modules-5.36.
Preparing to unpack .../perl-modules-5.36_5.36.0-7_all.deb ...
Unpacking perl-modules-5.36 (5.36.0-7) ...
Selecting previously unselected package sed.
dpkg: regarding .../archives/sed_4.9-1_amd64.deb containing sed, pre-dependency problem:
 sed pre-depends on libacl1 (>= 2.2.23)
  libacl1:amd64 is unpacked, but has never been configured.

dpkg: warning: ignoring pre-dependency problem!
dpkg: regarding .../archives/sed_4.9-1_amd64.deb containing sed, pre-dependency problem:
 sed pre-depends on libselinux1 (>= 3.1~)
  libselinux1:amd64 is unpacked, but has never been configured.

dpkg: warning: ignoring pre-dependency problem!
Preparing to unpack .../archives/sed_4.9-1_amd64.deb ...
Unpacking sed (4.9-1) ...
Selecting previously unselected package login.
dpkg: regarding .../login_1%3a4.13+dfsg1-1+b1_amd64.deb containing login, pre-dependency problem:
 login pre-depends on libaudit1 (>= 1:2.2.1)
  libaudit1:amd64 is unpacked, but has never been configured.

dpkg: warning: ignoring pre-dependency problem!
dpkg: regarding .../login_1%3a4.13+dfsg1-1+b1_amd64.deb containing login, pre-dependency problem:
 login pre-depends on libcrypt1 (>= 1:4.1.0)
  libcrypt1:amd64 is unpacked, but has never been configured.

dpkg: warning: ignoring pre-dependency problem!
dpkg: regarding .../login_1%3a4.13+dfsg1-1+b1_amd64.deb containing login, pre-dependency problem:
 login pre-depends on libpam0g (>= 0.99.7.1)
  libpam0g:amd64 is unpacked, but has never been configured.

dpkg: warning: ignoring pre-dependency problem!
dpkg: regarding .../login_1%3a4.13+dfsg1-1+b1_amd64.deb containing login, pre-dependency problem:
 login pre-depends on libpam-runtime
  libpam-runtime is unpacked, but has never been configured.

dpkg: warning: ignoring pre-dependency problem!
dpkg: regarding .../login_1%3a4.13+dfsg1-1+b1_amd64.deb containing login, pre-dependency problem:
 login pre-depends on libpam-modules
  libpam-modules:amd64 is unpacked, but has never been configured.

dpkg: warning: ignoring pre-dependency problem!
Preparing to unpack .../login_1%3a4.13+dfsg1-1+b1_amd64.deb ...
Unpacking login (1:4.13+dfsg1-1+b1) ...
Selecting previously unselected package passwd.
Preparing to unpack .../passwd_1%3a4.13+dfsg1-1+b1_amd64.deb ...
Unpacking passwd (1:4.13+dfsg1-1+b1) ...
Selecting previously unselected package libsystemd0:amd64.
Preparing to unpack .../libsystemd0_252.17-1~deb12u1_amd64.deb ...
Unpacking libsystemd0:amd64 (252.17-1~deb12u1) ...
Selecting previously unselected package libudev1:amd64.
Preparing to unpack .../libudev1_252.17-1~deb12u1_amd64.deb ...
Unpacking libudev1:amd64 (252.17-1~deb12u1) ...
Selecting previously unselected package sysvinit-utils.
Preparing to unpack .../sysvinit-utils_3.06-4_amd64.deb ...
Unpacking sysvinit-utils (3.06-4) ...
Selecting previously unselected package tar.
dpkg: regarding .../tar_1.34+dfsg-1.2_amd64.deb containing tar, pre-dependency problem:
 tar pre-depends on libacl1 (>= 2.2.23)
  libacl1:amd64 is unpacked, but has never been configured.

dpkg: warning: ignoring pre-dependency problem!
dpkg: regarding .../tar_1.34+dfsg-1.2_amd64.deb containing tar, pre-dependency problem:
 tar pre-depends on libselinux1 (>= 3.1~)
  libselinux1:amd64 is unpacked, but has never been configured.

dpkg: warning: ignoring pre-dependency problem!
Preparing to unpack .../tar_1.34+dfsg-1.2_amd64.deb ...
Unpacking tar (1.34+dfsg-1.2) ...
Selecting previously unselected package tzdata.
Preparing to unpack .../tzdata_2023c-5_all.deb ...
Unpacking tzdata (2023c-5) ...
Selecting previously unselected package usrmerge.
Preparing to unpack .../archives/usrmerge_35_all.deb ...
Unpacking usrmerge (35) ...
Selecting previously unselected package bsdutils.
dpkg: regarding .../bsdutils_1%3a2.38.1-5+b1_amd64.deb containing bsdutils, pre-dependency problem:
 bsdutils pre-depends on libsystemd0
  libsystemd0:amd64 is unpacked, but has never been configured.

dpkg: warning: ignoring pre-dependency problem!
Preparing to unpack .../bsdutils_1%3a2.38.1-5+b1_amd64.deb ...
Unpacking bsdutils (1:2.38.1-5+b1) ...
Selecting previously unselected package libblkid1:amd64.
Preparing to unpack .../libblkid1_2.38.1-5+b1_amd64.deb ...
Unpacking libblkid1:amd64 (2.38.1-5+b1) ...
Selecting previously unselected package libmount1:amd64.
Preparing to unpack .../libmount1_2.38.1-5+b1_amd64.deb ...
Unpacking libmount1:amd64 (2.38.1-5+b1) ...
Selecting previously unselected package libsmartcols1:amd64.
Preparing to unpack .../libsmartcols1_2.38.1-5+b1_amd64.deb ...
Unpacking libsmartcols1:amd64 (2.38.1-5+b1) ...
Selecting previously unselected package libuuid1:amd64.
Preparing to unpack .../libuuid1_2.38.1-5+b1_amd64.deb ...
Unpacking libuuid1:amd64 (2.38.1-5+b1) ...
Selecting previously unselected package mount.
dpkg: regarding .../mount_2.38.1-5+b1_amd64.deb containing mount, pre-dependency problem:
 mount pre-depends on libblkid1 (>= 2.17.2)
  libblkid1:amd64 is unpacked, but has never been configured.

dpkg: warning: ignoring pre-dependency problem!
dpkg: regarding .../mount_2.38.1-5+b1_amd64.deb containing mount, pre-dependency problem:
 mount pre-depends on libmount1 (>= 2.38)
  libmount1:amd64 is unpacked, but has never been configured.

dpkg: warning: ignoring pre-dependency problem!
dpkg: regarding .../mount_2.38.1-5+b1_amd64.deb containing mount, pre-dependency problem:
 mount pre-depends on libselinux1 (>= 3.1~)
  libselinux1:amd64 is unpacked, but has never been configured.

dpkg: warning: ignoring pre-dependency problem!
dpkg: regarding .../mount_2.38.1-5+b1_amd64.deb containing mount, pre-dependency problem:
 mount pre-depends on libsmartcols1 (>= 2.33)
  libsmartcols1:amd64 is unpacked, but has never been configured.

dpkg: warning: ignoring pre-dependency problem!
Preparing to unpack .../mount_2.38.1-5+b1_amd64.deb ...
Unpacking mount (2.38.1-5+b1) ...
Selecting previously unselected package util-linux.
dpkg: regarding .../util-linux_2.38.1-5+b1_amd64.deb containing util-linux, pre-dependency problem:
 util-linux pre-depends on libblkid1 (>= 2.37.2)
  libblkid1:amd64 is unpacked, but has never been configured.

dpkg: warning: ignoring pre-dependency problem!
dpkg: regarding .../util-linux_2.38.1-5+b1_amd64.deb containing util-linux, pre-dependency problem:
 util-linux pre-depends on libcap-ng0 (>= 0.7.9)
  libcap-ng0:amd64 is unpacked, but has never been configured.

dpkg: warning: ignoring pre-dependency problem!
dpkg: regarding .../util-linux_2.38.1-5+b1_amd64.deb containing util-linux, pre-dependency problem:
 util-linux pre-depends on libcrypt1 (>= 1:4.1.0)
  libcrypt1:amd64 is unpacked, but has never been configured.

dpkg: warning: ignoring pre-dependency problem!
dpkg: regarding .../util-linux_2.38.1-5+b1_amd64.deb containing util-linux, pre-dependency problem:
 util-linux pre-depends on libmount1 (>= 2.38)
  libmount1:amd64 is unpacked, but has never been configured.

dpkg: warning: ignoring pre-dependency problem!
dpkg: regarding .../util-linux_2.38.1-5+b1_amd64.deb containing util-linux, pre-dependency problem:
 util-linux pre-depends on libpam0g (>= 0.99.7.1)
  libpam0g:amd64 is unpacked, but has never been configured.

dpkg: warning: ignoring pre-dependency problem!
dpkg: regarding .../util-linux_2.38.1-5+b1_amd64.deb containing util-linux, pre-dependency problem:
 util-linux pre-depends on libselinux1 (>= 3.1~)
  libselinux1:amd64 is unpacked, but has never been configured.

dpkg: warning: ignoring pre-dependency problem!
dpkg: regarding .../util-linux_2.38.1-5+b1_amd64.deb containing util-linux, pre-dependency problem:
 util-linux pre-depends on libsmartcols1 (>= 2.38)
  libsmartcols1:amd64 is unpacked, but has never been configured.

dpkg: warning: ignoring pre-dependency problem!
dpkg: regarding .../util-linux_2.38.1-5+b1_amd64.deb containing util-linux, pre-dependency problem:
 util-linux pre-depends on libsystemd0
  libsystemd0:amd64 is unpacked, but has never been configured.

dpkg: warning: ignoring pre-dependency problem!
dpkg: regarding .../util-linux_2.38.1-5+b1_amd64.deb containing util-linux, pre-dependency problem:
 util-linux pre-depends on libtinfo6 (>= 6)
  libtinfo6:amd64 is unpacked, but has never been configured.

dpkg: warning: ignoring pre-dependency problem!
dpkg: regarding .../util-linux_2.38.1-5+b1_amd64.deb containing util-linux, pre-dependency problem:
 util-linux pre-depends on libudev1 (>= 183)
  libudev1:amd64 is unpacked, but has never been configured.

dpkg: warning: ignoring pre-dependency problem!
dpkg: regarding .../util-linux_2.38.1-5+b1_amd64.deb containing util-linux, pre-dependency problem:
 util-linux pre-depends on libuuid1 (>= 2.16)
  libuuid1:amd64 is unpacked, but has never been configured.

dpkg: warning: ignoring pre-dependency problem!
dpkg: regarding .../util-linux_2.38.1-5+b1_amd64.deb containing util-linux, pre-dependency problem:
 util-linux pre-depends on zlib1g (>= 1:1.1.4)
  zlib1g is not installed.

dpkg: warning: ignoring pre-dependency problem!
Preparing to unpack .../util-linux_2.38.1-5+b1_amd64.deb ...
Unpacking util-linux (2.38.1-5+b1) ...
Selecting previously unselected package util-linux-extra.
Preparing to unpack .../util-linux-extra_2.38.1-5+b1_amd64.deb ...
Unpacking util-linux-extra (2.38.1-5+b1) ...
Selecting previously unselected package libxxhash0:amd64.
Preparing to unpack .../libxxhash0_0.8.1-1_amd64.deb ...
Unpacking libxxhash0:amd64 (0.8.1-1) ...
Selecting previously unselected package liblzma5:amd64.
Preparing to unpack .../liblzma5_5.4.1-0.2_amd64.deb ...
Unpacking liblzma5:amd64 (5.4.1-0.2) ...
Selecting previously unselected package zlib1g:amd64.
Preparing to unpack .../zlib1g_1%3a1.2.13.dfsg-1_amd64.deb ...
Unpacking zlib1g:amd64 (1:1.2.13.dfsg-1) ...
Setting up libtext-glob-perl (0.11-3) ...
Setting up debian-archive-keyring (2023.3+deb12u1) ...
Setting up libaudit-common (1:3.0.9-1) ...
Setting up libsemanage-common (3.4-1) ...
Setting up debconf (1.5.82) ...
Setting up libnumber-compare-perl (0.03-3) ...
Setting up gcc-12-base:amd64 (12.2.0-14) ...
Setting up tzdata (2023c-5) ...

Current default time zone: 'Etc/UTC'
Local time is now:      Sun Dec  3 01:38:42 UTC 2023.
Universal Time is now:  Sun Dec  3 01:38:42 UTC 2023.
Run 'dpkg-reconfigure tzdata' if you wish to change it.

Setting up ncurses-base (6.4-4) ...
Setting up libgcc-s1:amd64 (12.2.0-14) ...
Setting up libc6:amd64 (2.36-9+deb12u2) ...
Setting up libudev1:amd64 (252.17-1~deb12u1) ...
Setting up libffi8:amd64 (3.4.4-1) ...
Setting up libmd0:amd64 (1.0.4-2) ...
Setting up libxxhash0:amd64 (0.8.1-1) ...
Setting up libattr1:amd64 (1:2.5.1-4) ...
Setting up sysvinit-utils (3.06-4) ...
Setting up libtasn1-6:amd64 (4.19.0-2) ...
Setting up debianutils (5.7-0.5~deb12u1) ...
update-alternatives: using /usr/bin/which.debianutils to provide /usr/bin/which (which) in auto mode
Setting up mawk (1.3.4.20200120-3.1) ...
Setting up libdebconfclient0:amd64 (0.270) ...
Setting up base-files (12.4+deb12u2) ...
Setting up libbz2-1.0:amd64 (1.0.8-5+b1) ...
Setting up libdb5.3:amd64 (5.3.28+dfsg2-1) ...
Setting up libblkid1:amd64 (2.38.1-5+b1) ...
Setting up libstdc++6:amd64 (12.2.0-14) ...
Setting up libgdbm6:amd64 (1.23-3) ...
Setting up libtinfo6:amd64 (6.4-4) ...
Setting up bash (5.2.15-2+b2) ...
update-alternatives: using /usr/share/man/man7/bash-builtins.7.gz to provide /usr/share/man/man7/builtins.7.gz (builtins.7.gz) in auto mode
Setting up libzstd1:amd64 (1.5.4+dfsg2-5) ...
Setting up liblzma5:amd64 (5.4.1-0.2) ...
Setting up libgpg-error0:amd64 (1.46-1) ...
Setting up liblz4-1:amd64 (1.9.4-1) ...
Setting up libc-bin (2.36-9+deb12u2) ...
Setting up ncurses-bin (6.4-4) ...
Setting up libacl1:amd64 (2.3.1-3) ...
Setting up libunistring2:amd64 (1.0-2) ...
Setting up libsmartcols1:amd64 (2.38.1-5+b1) ...
Setting up libgcrypt20:amd64 (1.10.1-3) ...
Setting up zlib1g:amd64 (1:1.2.13.dfsg-1) ...
Setting up libcrypt1:amd64 (1:4.4.33-2) ...
Setting up libidn2-0:amd64 (2.3.3-1+b1) ...
Setting up libcom-err2:amd64 (1.47.0-2) ...
Setting up diffutils (1:3.8-4) ...
Setting up libseccomp2:amd64 (2.5.4-1+b3) ...
Setting up libcap2:amd64 (1:2.66-4) ...
Setting up hostname (3.23+nmu1) ...
Setting up libcap-ng0:amd64 (0.8.3-1+b3) ...
Setting up libext2fs2:amd64 (1.47.0-2) ...
Setting up libnettle8:amd64 (3.8.1-2) ...
Setting up libgmp10:amd64 (2:6.2.1+dfsg1-1.1) ...
Setting up libp11-kit0:amd64 (0.24.1-2) ...
Setting up libaudit1:amd64 (1:3.0.9-1) ...
Setting up libuuid1:amd64 (2.38.1-5+b1) ...
Setting up libss2:amd64 (1.47.0-2) ...
Setting up libgdbm-compat4:amd64 (1.23-3) ...
Setting up libsepol2:amd64 (3.4-2.1) ...
Setting up libpcre2-8-0:amd64 (10.42-1) ...
Setting up logsave (1.47.0-2) ...
Setting up gpgv (2.2.40-1.1) ...
Setting up util-linux-extra (2.38.1-5+b1) ...
Setting up libhogweed6:amd64 (3.8.1-2) ...
Setting up e2fsprogs (1.47.0-2) ...
Setting up libsystemd0:amd64 (252.17-1~deb12u1) ...
Setting up libselinux1:amd64 (3.4-1+b6) ...
Setting up libgnutls30:amd64 (3.7.9-2) ...
Setting up libpam0g:amd64 (1.5.2-6+deb12u1) ...
Setting up libapt-pkg6.0:amd64 (2.6.1) ...
Setting up sed (4.9-1) ...
Setting up findutils (4.9.0-4) ...
Setting up libmount1:amd64 (2.38.1-5+b1) ...
Setting up libsemanage2:amd64 (3.4-1+b5) ...
Setting up base-passwd (3.6.1) ...
Setting up bsdutils (1:2.38.1-5+b1) ...
Setting up tar (1.34+dfsg-1.2) ...
update-alternatives: using /usr/sbin/rmt-tar to provide /usr/sbin/rmt (rmt) in auto mode
Setting up libpam-modules-bin (1.5.2-6+deb12u1) ...
Setting up coreutils (9.1-1) ...
Setting up util-linux (2.38.1-5+b1) ...
update-alternatives: using /bin/more to provide /usr/bin/pager (pager) in auto mode
Setting up dpkg (1.21.22) ...
Setting up mount (2.38.1-5+b1) ...
Setting up dash (0.5.12-2) ...
No diversion 'diversion of /bin/sh by bash', none removed.
Adding 'diversion of /bin/sh to /bin/sh.distrib by dash'
No diversion 'diversion of /usr/share/man/man1/sh.1.gz by bash', none removed.
Adding 'diversion of /usr/share/man/man1/sh.1.gz to /usr/share/man/man1/sh.distrib.1.gz by dash'
Setting up libpam-modules:amd64 (1.5.2-6+deb12u1) ...
Setting up grep (3.8-5) ...
Setting up perl-base (5.36.0-7) ...
Setting up perl-modules-5.36 (5.36.0-7) ...
Setting up gzip (1.12-1) ...
Setting up passwd (1:4.13+dfsg1-1+b1) ...
Shadow passwords are now on.
Setting up libpam-runtime (1.5.2-6+deb12u1) ...
Setting up libperl5.36:amd64 (5.36.0-7) ...
Setting up login (1:4.13+dfsg1-1+b1) ...
Setting up adduser (3.134) ...
Setting up apt (2.6.1) ...
Setting up perl (5.36.0-7) ...
Setting up libfile-find-rule-perl (0.34-3) ...
Setting up usrmerge (35) ...
Setting up init-system-helpers (1.65.2) ...
Processing triggers for libc-bin (2.36-9+deb12u2) ...
(Reading database ... 8136 files and directories currently installed.)
Preparing to unpack .../libssl3_3.0.11-1~deb12u1_amd64.deb ...
Unpacking libssl3:amd64 (3.0.11-1~deb12u1) ...
Setting up libssl3:amd64 (3.0.11-1~deb12u1) ...
Processing triggers for libc-bin (2.36-9+deb12u2) ...
(Reading database ... 8148 files and directories currently installed.)
Preparing to unpack .../libapparmor1_3.0.8-3_amd64.deb ...
Unpacking libapparmor1:amd64 (3.0.8-3) ...
Preparing to unpack .../libargon2-1_0~20171227-0.3+deb12u1_amd64.deb ...
Unpacking libargon2-1:amd64 (0~20171227-0.3+deb12u1) ...
Preparing to unpack .../libcryptsetup12_2%3a2.6.1-4~deb12u1_amd64.deb ...
Unpacking libcryptsetup12:amd64 (2:2.6.1-4~deb12u1) ...
Preparing to unpack .../libip4tc2_1.8.9-2_amd64.deb ...
Unpacking libip4tc2:amd64 (1.8.9-2) ...
Preparing to unpack .../libjson-c5_0.16-2_amd64.deb ...
Unpacking libjson-c5:amd64 (0.16-2) ...
Preparing to unpack .../libkmod2_30+20221128-1_amd64.deb ...
Unpacking libkmod2:amd64 (30+20221128-1) ...
Preparing to unpack .../dmsetup_2%3a1.02.185-2_amd64.deb ...
Unpacking dmsetup (2:1.02.185-2) ...
Preparing to unpack .../libdevmapper1.02.1_2%3a1.02.185-2_amd64.deb ...
Unpacking libdevmapper1.02.1:amd64 (2:1.02.185-2) ...
Preparing to unpack .../libsystemd-shared_252.17-1~deb12u1_amd64.deb ...
Unpacking libsystemd-shared:amd64 (252.17-1~deb12u1) ...
Preparing to unpack .../systemd_252.17-1~deb12u1_amd64.deb ...
Unpacking systemd (252.17-1~deb12u1) ...
Preparing to unpack .../libfdisk1_2.38.1-5+b1_amd64.deb ...
Unpacking libfdisk1:amd64 (2.38.1-5+b1) ...
Setting up libapparmor1:amd64 (3.0.8-3) ...
Setting up libargon2-1:amd64 (0~20171227-0.3+deb12u1) ...
Setting up libip4tc2:amd64 (1.8.9-2) ...
Setting up libjson-c5:amd64 (0.16-2) ...
Setting up libkmod2:amd64 (30+20221128-1) ...
Setting up libsystemd-shared:amd64 (252.17-1~deb12u1) ...
Setting up libfdisk1:amd64 (2.38.1-5+b1) ...
Setting up libdevmapper1.02.1:amd64 (2:1.02.185-2) ...
Setting up libcryptsetup12:amd64 (2:2.6.1-4~deb12u1) ...
Setting up dmsetup (2:1.02.185-2) ...
Setting up systemd (252.17-1~deb12u1) ...
Created symlink /etc/systemd/system/getty.target.wants/getty@tty1.service -> /lib/systemd/system/getty@.service.
Created symlink /etc/systemd/system/multi-user.target.wants/remote-fs.target -> /lib/systemd/system/remote-fs.target.
Created symlink /etc/systemd/system/sysinit.target.wants/systemd-pstore.service -> /lib/systemd/system/systemd-pstore.service.
Initializing machine ID from random generator.
Creating group 'systemd-journal' with GID 999.
Creating group 'systemd-network' with GID 998.
Creating user 'systemd-network' (systemd Network Management) with UID 998 and GID 998.
Processing triggers for libc-bin (2.36-9+deb12u2) ...
(Reading database ... 9071 files and directories currently installed.)
Preparing to unpack .../systemd-sysv_252.17-1~deb12u1_amd64.deb ...
Unpacking systemd-sysv (252.17-1~deb12u1) ...
Setting up systemd-sysv (252.17-1~deb12u1) ...
(Reading database ... 9089 files and directories currently installed.)
Preparing to unpack .../cron-daemon-common_3.0pl1-162_all.deb ...
Unpacking cron-daemon-common (3.0pl1-162) ...
Setting up cron-daemon-common (3.0pl1-162) ...
Adding group `crontab' (GID 101) ...
Done.
(Reading database ... 9107 files and directories currently installed.)
Preparing to unpack .../apt-utils_2.6.1_amd64.deb ...
Unpacking apt-utils (2.6.1) ...
Preparing to unpack .../ca-certificates_20230311_all.deb ...
Unpacking ca-certificates (20230311) ...
Preparing to unpack .../cpio_2.13+dfsg-7.1_amd64.deb ...
Unpacking cpio (2.13+dfsg-7.1) ...
Preparing to unpack .../cron_3.0pl1-162_amd64.deb ...
Unpacking cron (3.0pl1-162) ...
Preparing to unpack .../debconf-i18n_1.5.82_all.deb ...
Unpacking debconf-i18n (1.5.82) ...
Preparing to unpack .../dmidecode_3.4-1_amd64.deb ...
Unpacking dmidecode (3.4-1) ...
Preparing to unpack .../libelf1_0.188-2.1_amd64.deb ...
Unpacking libelf1:amd64 (0.188-2.1) ...
Preparing to unpack .../ifupdown_0.8.41_amd64.deb ...
Unpacking ifupdown (0.8.41) ...
Preparing to unpack .../archives/init_1.65.2_amd64.deb ...
Unpacking init (1.65.2) ...
Preparing to unpack .../iproute2_6.1.0-3_amd64.deb ...
Unpacking iproute2 (6.1.0-3) ...
Preparing to unpack .../libxtables12_1.8.9-2_amd64.deb ...
Unpacking libxtables12:amd64 (1.8.9-2) ...
Preparing to unpack .../iputils-ping_3%3a20221126-1_amd64.deb ...
Unpacking iputils-ping (3:20221126-1) ...
Preparing to unpack .../isc-dhcp-client_4.4.3-P1-2_amd64.deb ...
Unpacking isc-dhcp-client (4.4.3-P1-2) ...
Preparing to unpack .../isc-dhcp-common_4.4.3-P1-2_amd64.deb ...
Unpacking isc-dhcp-common (4.4.3-P1-2) ...
Preparing to unpack .../libjansson4_2.14-2_amd64.deb ...
Unpacking libjansson4:amd64 (2.14-2) ...
Preparing to unpack .../libkeyutils1_1.6.3-2_amd64.deb ...
Unpacking libkeyutils1:amd64 (1.6.3-2) ...
Preparing to unpack .../kmod_30+20221128-1_amd64.deb ...
Unpacking kmod (30+20221128-1) ...
Preparing to unpack .../libgssapi-krb5-2_1.20.1-2+deb12u1_amd64.deb ...
Unpacking libgssapi-krb5-2:amd64 (1.20.1-2+deb12u1) ...
Preparing to unpack .../libk5crypto3_1.20.1-2+deb12u1_amd64.deb ...
Unpacking libk5crypto3:amd64 (1.20.1-2+deb12u1) ...
Preparing to unpack .../libkrb5-3_1.20.1-2+deb12u1_amd64.deb ...
Unpacking libkrb5-3:amd64 (1.20.1-2+deb12u1) ...
Preparing to unpack .../libkrb5support0_1.20.1-2+deb12u1_amd64.deb ...
Unpacking libkrb5support0:amd64 (1.20.1-2+deb12u1) ...
Preparing to unpack .../archives/less_590-2_amd64.deb ...
Unpacking less (590-2) ...
Preparing to unpack .../libbpf1_1%3a1.1.0-1_amd64.deb ...
Unpacking libbpf1:amd64 (1:1.1.0-1) ...
Preparing to unpack .../libbsd0_0.11.7-2_amd64.deb ...
Unpacking libbsd0:amd64 (0.11.7-2) ...
Preparing to unpack .../libcap2-bin_1%3a2.66-4_amd64.deb ...
Unpacking libcap2-bin (1:2.66-4) ...
Preparing to unpack .../libedit2_3.1-20221030-2_amd64.deb ...
Unpacking libedit2:amd64 (3.1-20221030-2) ...
Preparing to unpack .../liblocale-gettext-perl_1.07-5_amd64.deb ...
Unpacking liblocale-gettext-perl (1.07-5) ...
Preparing to unpack .../libmnl0_1.0.4-3_amd64.deb ...
Unpacking libmnl0:amd64 (1.0.4-3) ...
Preparing to unpack .../libnftnl11_1.2.4-2_amd64.deb ...
Unpacking libnftnl11:amd64 (1.2.4-2) ...
Preparing to unpack .../libtext-charwidth-perl_0.04-11_amd64.deb ...
Unpacking libtext-charwidth-perl:amd64 (0.04-11) ...
Preparing to unpack .../libtext-iconv-perl_1.7-8_amd64.deb ...
Unpacking libtext-iconv-perl:amd64 (1.7-8) ...
Preparing to unpack .../libtext-wrapi18n-perl_0.06-10_all.deb ...
Unpacking libtext-wrapi18n-perl (0.06-10) ...
Preparing to unpack .../libtirpc-common_1.3.3+ds-1_all.deb ...
Unpacking libtirpc-common (1.3.3+ds-1) ...
Preparing to unpack .../libtirpc3_1.3.3+ds-1_amd64.deb ...
Unpacking libtirpc3:amd64 (1.3.3+ds-1) ...
Preparing to unpack .../logrotate_3.21.0-1_amd64.deb ...
Unpacking logrotate (3.21.0-1) ...
Preparing to unpack .../archives/nano_7.2-1_amd64.deb ...
Unpacking nano (7.2-1) ...
Preparing to unpack .../libncursesw6_6.4-4_amd64.deb ...
Unpacking libncursesw6:amd64 (6.4-4) ...
Preparing to unpack .../archives/netbase_6.4_all.deb ...
Unpacking netbase (6.4) ...
Preparing to unpack .../libnewt0.52_0.52.23-1+b1_amd64.deb ...
Unpacking libnewt0.52:amd64 (0.52.23-1+b1) ...
Preparing to unpack .../whiptail_0.52.23-1+b1_amd64.deb ...
Unpacking whiptail (0.52.23-1+b1) ...
Preparing to unpack .../libnftables1_1.0.6-2+deb12u2_amd64.deb ...
Unpacking libnftables1:amd64 (1.0.6-2+deb12u2) ...
Preparing to unpack .../nftables_1.0.6-2+deb12u2_amd64.deb ...
Unpacking nftables (1.0.6-2+deb12u2) ...
Preparing to unpack .../openssl_3.0.11-1~deb12u1_amd64.deb ...
Unpacking openssl (3.0.11-1~deb12u1) ...
Preparing to unpack .../libpopt0_1.19+dfsg-1_amd64.deb ...
Unpacking libpopt0:amd64 (1.19+dfsg-1) ...
Preparing to unpack .../libproc2-0_2%3a4.0.2-3_amd64.deb ...
Unpacking libproc2-0:amd64 (2:4.0.2-3) ...
Preparing to unpack .../procps_2%3a4.0.2-3_amd64.deb ...
Unpacking procps (2:4.0.2-3) ...
Preparing to unpack .../libreadline8_8.2-1.3_amd64.deb ...
Unpacking libreadline8:amd64 (8.2-1.3) ...
Preparing to unpack .../readline-common_8.2-1.3_all.deb ...
Unpacking readline-common (8.2-1.3) ...
Preparing to unpack .../sensible-utils_0.0.17+nmu1_all.deb ...
Unpacking sensible-utils (0.0.17+nmu1) ...
Preparing to unpack .../libslang2_2.3.3-3_amd64.deb ...
Unpacking libslang2:amd64 (2.3.3-3) ...
Preparing to unpack .../udev_252.17-1~deb12u1_amd64.deb ...
Unpacking udev (252.17-1~deb12u1) ...
Preparing to unpack .../archives/tasksel_3.73_all.deb ...
Unpacking tasksel (3.73) ...
Preparing to unpack .../tasksel-data_3.73_all.deb ...
Unpacking tasksel-data (3.73) ...
Preparing to unpack .../fdisk_2.38.1-5+b1_amd64.deb ...
Unpacking fdisk (2.38.1-5+b1) ...
Preparing to unpack .../vim-common_2%3a9.0.1378-2_all.deb ...
Unpacking vim-common (2:9.0.1378-2) ...
Preparing to unpack .../vim-tiny_2%3a9.0.1378-2_amd64.deb ...
Unpacking vim-tiny (2:9.0.1378-2) ...
Processing triggers for libc-bin (2.36-9+deb12u2) ...
Setting up cpio (2.13+dfsg-7.1) ...
update-alternatives: using /bin/mt-gnu to provide /bin/mt (mt) in auto mode
Setting up libtext-iconv-perl:amd64 (1.7-8) ...
Setting up libtext-charwidth-perl:amd64 (0.04-11) ...
Setting up libkeyutils1:amd64 (1.6.3-2) ...
Setting up apt-utils (2.6.1) ...
Setting up init (1.65.2) ...
Setting up libtirpc-common (1.3.3+ds-1) ...
Setting up less (590-2) ...
Setting up kmod (30+20221128-1) ...
Setting up libtext-wrapi18n-perl (0.06-10) ...
Setting up libjansson4:amd64 (2.14-2) ...
Setting up libkrb5support0:amd64 (1.20.1-2+deb12u1) ...
Setting up libcap2-bin (1:2.66-4) ...
Setting up vim-common (2:9.0.1378-2) ...
Setting up libslang2:amd64 (2.3.3-3) ...
Setting up libproc2-0:amd64 (2:4.0.2-3) ...
Setting up libmnl0:amd64 (1.0.4-3) ...
Setting up udev (252.17-1~deb12u1) ...
A chroot environment has been detected, udev not started.
Setting up libncursesw6:amd64 (6.4-4) ...
Setting up libk5crypto3:amd64 (1.20.1-2+deb12u1) ...
Setting up libxtables12:amd64 (1.8.9-2) ...
Setting up nano (7.2-1) ...
update-alternatives: using /bin/nano to provide /usr/bin/editor (editor) in auto mode
update-alternatives: using /bin/nano to provide /usr/bin/pico (pico) in auto mode
Setting up sensible-utils (0.0.17+nmu1) ...
Setting up procps (2:4.0.2-3) ...
Setting up netbase (6.4) ...
Setting up isc-dhcp-common (4.4.3-P1-2) ...
Setting up libkrb5-3:amd64 (1.20.1-2+deb12u1) ...
Setting up dmidecode (3.4-1) ...
Setting up openssl (3.0.11-1~deb12u1) ...
Setting up libbsd0:amd64 (0.11.7-2) ...
Setting up libelf1:amd64 (0.188-2.1) ...
Setting up iputils-ping (3:20221126-1) ...
Setting up readline-common (8.2-1.3) ...
Setting up liblocale-gettext-perl (1.07-5) ...
Setting up libbpf1:amd64 (1:1.1.0-1) ...
Setting up libpopt0:amd64 (1.19+dfsg-1) ...
Setting up logrotate (3.21.0-1) ...
Created symlink /etc/systemd/system/timers.target.wants/logrotate.timer -> /lib/systemd/system/logrotate.timer.
Setting up libnewt0.52:amd64 (0.52.23-1+b1) ...
Setting up libedit2:amd64 (3.1-20221030-2) ...
Setting up libreadline8:amd64 (8.2-1.3) ...
Setting up cron (3.0pl1-162) ...
Running in chroot, ignoring request.
invoke-rc.d: policy-rc.d denied execution of start.
Created symlink /etc/systemd/system/multi-user.target.wants/cron.service -> /lib/systemd/system/cron.service.
Setting up debconf-i18n (1.5.82) ...
Setting up libnftnl11:amd64 (1.2.4-2) ...
Setting up vim-tiny (2:9.0.1378-2) ...
update-alternatives: using /usr/bin/vim.tiny to provide /usr/bin/ex (ex) in auto mode
update-alternatives: using /usr/bin/vim.tiny to provide /usr/bin/rview (rview) in auto mode
update-alternatives: using /usr/bin/vim.tiny to provide /usr/bin/vi (vi) in auto mode
update-alternatives: using /usr/bin/vim.tiny to provide /usr/bin/view (view) in auto mode
Setting up fdisk (2.38.1-5+b1) ...
Setting up ca-certificates (20230311) ...
Updating certificates in /etc/ssl/certs...
140 added, 0 removed; done.
Setting up libgssapi-krb5-2:amd64 (1.20.1-2+deb12u1) ...
Setting up whiptail (0.52.23-1+b1) ...
Setting up libtirpc3:amd64 (1.3.3+ds-1) ...
Setting up libnftables1:amd64 (1.0.6-2+deb12u2) ...
Setting up nftables (1.0.6-2+deb12u2) ...
Setting up iproute2 (6.1.0-3) ...
Setting up isc-dhcp-client (4.4.3-P1-2) ...
Setting up ifupdown (0.8.41) ...
Creating /etc/network/interfaces.
Created symlink /etc/systemd/system/multi-user.target.wants/networking.service -> /lib/systemd/system/networking.service.
Created symlink /etc/systemd/system/network-online.target.wants/networking.service -> /lib/systemd/system/networking.service.
Setting up tasksel (3.73) ...
Setting up tasksel-data (3.73) ...
Processing triggers for libc-bin (2.36-9+deb12u2) ...
Processing triggers for ca-certificates (20230311) ...
Updating certificates in /etc/ssl/certs...
0 added, 0 removed; done.
Running hooks in /etc/ca-certificates/update.d...
done.
